results/wikidata/query_results/Kushan Empire_settlements.csv
No columns to parse from file
results/wikidata/query_results/Ajuuraan state_settlements.csv
No columns to parse from file
results/wikidata/query_results/Basque Country_settlements.csv
No columns to parse from file
results/wikidata/query_results/Belgian colonial empire_settlements.csv
No columns to parse from file
results/wikidata/query_results/Gibraltar_settlements.csv
No columns to parse from file
results/wikidata/query_results/Seventeen Provinces_settlements.csv
No columns to parse from file
results/wikidata/query_results/British Empire_settlements.csv
No columns to parse from file
results/wikidata/query_results/Khanate of Bukhara_settlements.csv
No columns to parse from file
results/wikidata/query_results/Western Chalukya Empire_settlements.csv
No columns to parse from file
results/wikidata/query_results/Trucial States_settlements.csv
No columns to parse from file
results/wikidata/query_results/Sultanate of Egypt_settlements.csv
No columns to parse from file
results/wikidata/query_results/Kingdom of Pontus_settlements.csv
No columns to parse from file
results/wikidata/query_results/German colonial empire_settlements.csv
No columns to parse from file
results/wikidata/query_results/Triveneto_settlements.csv
No columns to parse from file
results/wikidata/query_results/Timurid Empire_settlements.csv
No columns to parse from file
results/wikidata/query_results/Kingdom of Denmark_settlements.csv
No columns to parse from file
results/wikidata/query_results/Denmark-Norway_settlements.csv
No columns to parse from file
results/wikidata/query_results/East African Federation_settlements.csv
No columns to parse from file
results/wikidata/query_results/Galicia_settlements.csv
No columns to parse from file
results/wikidata/query_results/Satavahana dynasty_settlements.csv
No columns to parse from file
results/wikidata/query_results/Italian Empire_settlements.csv
No columns to parse from file
results/wikidata/query_results/Second Bulgarian Empire_settlements.csv
No columns to parse from file
results/wikidata/query_results/Empire of Nicaea_settlements.csv
No columns to parse from file
results/wikidata/query_results/Empire of Trebizond_settlements.csv
No columns to parse from file
results/wikidata/query_results/Islamic Emirate of Afghanistan_settlements.csv
No columns to parse from file
results/wikidata/query_results/First Bulgarian Empire_settlements.csv
No columns to parse from file
results/wikidata/query_results/Assyrian Empire_settlements.csv
No columns to parse from file
results/wikidata/query_results/Khedivate of Egypt_settlements.csv
No columns to parse from file
results/wikidata/query_results/Electoral Palatinate_settlements.csv
No columns to parse from file
results/wikidata/query_results/Old Great Bulgaria_settlements.csv
No columns to parse from file
results/wikidata/query_results/Kalmar Union_settlements.csv
No columns to parse from file
results/wikidata/query_results/Brandenburg-Prussia_settlements.csv
No columns to parse from file
results/wikidata/query_results/Akkadian empire_settlements.csv
No columns to parse from file
results/wikidata/query_results/Vijayanagara Gadariya  Empire_settlements.csv
No columns to parse from file
results/wikidata/query_results/Kingdom of Egypt_settlements.csv
No columns to parse from file
results/wikidata/query_results/Khanate of Kokand_settlements.csv
No columns to parse from file
results/wikidata/query_results/Timurid Empire_holy_sites.csv
No columns to parse from file
results/wikidata/query_results/Trucial States_holy_sites.csv
No columns to parse from file
results/wikidata/query_results/First Bulgarian Empire_holy_sites.csv
No columns to parse from file
results/wikidata/query_results/Catalonia_holy_sites.csv
No columns to parse from file
results/wikidata/query_results/Satavahana dynasty_holy_sites.csv
No columns to parse from file
results/wikidata/query_results/Ethiopian Empire_holy_sites.csv
No columns to parse from file
results/wikidata/query_results/German colonial empire_holy_sites.csv
No columns to parse from file
results/wikidata/query_results/Electoral Palatinate_holy_sites.csv
No columns to parse from file
results/wikidata/query_results/Seleucid Empire_holy_sites.csv
No columns to parse from file
results/wikidata/query_results/Galicia_holy_sites.csv
No columns to parse from file
results/wikidata/query_results/Akkadian empire_holy_sites.csv
No columns to parse from file
results/wikidata/query_results/Italian Empire_holy_sites.csv
No columns to parse from file
results/wikidata/query_results/Basque Country_holy_sites.csv
No columns to parse from file
results/wikidata/query_results/Khanate of Bukhara_holy_sites.csv
No columns to parse from file
results/wikidata/query_results/Sultanate of Egypt_holy_sites.csv
No columns to parse from file
results/wikidata/query_results/Empire of Trebizond_holy_sites.csv
No columns to parse from file
results/wikidata/query_results/Belgian colonial empire_holy_sites.csv
No columns to parse from file
results/wikidata/query_results/Yarkent Khanate_holy_sites.csv
No columns to parse from file
results/wikidata/query_results/East African Federation_holy_sites.csv
No columns to parse from file
results/wikidata/query_results/Islamic Emirate of Afghanistan_holy_sites.csv
No columns to parse from file
results/wikidata/query_results/Golden Horde_holy_sites.csv
No columns to parse from file
results/wikidata/query_results/Triveneto_holy_sites.csv
No columns to parse from file
results/wikidata/query_results/Old Great Bulgaria_holy_sites.csv
No columns to parse from file
results/wikidata/query_results/Khanate of Kokand_holy_sites.csv
No columns to parse from file
results/wikidata/query_results/Roman Empire_holy_sites.csv
No columns to parse from file
results/wikidata/query_results/Second Bulgarian Empire_holy_sites.csv
No columns to parse from file
results/wikidata/query_results/Seventeen Provinces_holy_sites.csv
No columns to parse from file
results/wikidata/query_results/Ajuuraan state_holy_sites.csv
No columns to parse from file
results/wikidata/query_results/Parthian Empire_holy_sites.csv
No columns to parse from file
results/wikidata/query_results/Vijayanagara Gadariya  Empire_holy_sites.csv
No columns to parse from file
results/wikidata/query_results/Kingdom of Egypt_holy_sites.csv
No columns to parse from file
results/wikidata/query_results/Denmark-Norway_holy_sites.csv
No columns to parse from file
results/wikidata/query_results/Brandenburg-Prussia_holy_sites.csv
No columns to parse from file
results/wikidata/query_results/Western Chalukya Empire_holy_sites.csv
No columns to parse from file
results/wikidata/query_results/British Empire_holy_sites.csv
No columns to parse from file
results/wikidata/query_results/Kingdom of Denmark_holy_sites.csv
No columns to parse from file
results/wikidata/query_results/Empire of Nicaea_holy_sites.csv
No columns to parse from file
results/wikidata/query_results/Kalmar Union_holy_sites.csv
No columns to parse from file
results/wikidata/query_results/Union between Sweden and Norway_holy_sites.csv
No columns to parse from file
results/wikidata/query_results/Kingdom of Pontus_holy_sites.csv
No columns to parse from file
results/wikidata/query_results/Byzantine Empire_holy_sites.csv
No columns to parse from file
results/wikidata/query_results/Khedivate of Egypt_holy_sites.csv
No columns to parse from file
