prev: 191, curr: 193, next: 193, volume: 2, page: 62
prev: 1061, curr: 1092, next: 1063, volume: 3, page: 278
prev: 505, curr: 406, next: 507, volume: 4, page: 196
prev: 649, curr: 950, next: 651, volume: 4, page: 250
prev: 860, curr: 871, next: 862, volume: 4, page: 315
prev: 891, curr: 891, next: 893, volume: 4, page: 322
prev: 16, curr: 15, next: 18, volume: 9, page: 2
prev: 242, curr: 143, next: 244, volume: 9, page: 85
prev: 360, curr: 3361, next: 362, volume: 9, page: 142
prev: 401, curr: 403, next: 403, volume: 9, page: 160
prev: 156, curr: 175, next: 158, volume: 10, page: 44
prev: 158, curr: 3159, next: 160, volume: 10, page: 44
prev: 315, curr: 320, next: 317, volume: 10, page: 98
prev: 341, curr: 432, next: 343, volume: 10, page: 102
prev: 347, curr: 384, next: 349, volume: 10, page: 102
prev: 560, curr: 161, next: 562, volume: 10, page: 139
prev: 693, curr: 693, next: 695, volume: 10, page: 166
prev: 805, curr: 608, next: 807, volume: 10, page: 190
prev: 942, curr: 493, next: 944, volume: 10, page: 216
prev: 1064, curr: 1056, next: 1066, volume: 10, page: 267
prev: 1300, curr: 1201, next: 1302, volume: 10, page: 340
prev: 201, curr: 10, next: 203, volume: 11, page: 71
prev: 545, curr: 646, next: 547, volume: 12, page: 87
prev: 823, curr: 84, next: 825, volume: 12, page: 133
prev: 994, curr: 955, next: 996, volume: 12, page: 159
