prev: 260, curr: 263, next: 264, volume: 2, page: 88
prev: 472, curr: 474, next: 475, volume: 3, page: 122
prev: 477, curr: 481, next: 482, volume: 3, page: 124
prev: 496, curr: 499, next: 500, volume: 3, page: 128
prev: 548, curr: 550, next: 551, volume: 3, page: 138
prev: 574, curr: 576, next: 577, volume: 3, page: 150
prev: 581, curr: 583, next: 584, volume: 3, page: 152
prev: 594, curr: 601, next: 602, volume: 3, page: 157
prev: 619, curr: 621, next: 622, volume: 3, page: 160
prev: 644, curr: 646, next: 647, volume: 3, page: 167
prev: 666, curr: 671, next: 672, volume: 3, page: 173
prev: 681, curr: 683, next: 684, volume: 3, page: 176
prev: 715, curr: 717, next: 718, volume: 3, page: 184
prev: 749, curr: 751, next: 752, volume: 3, page: 196
prev: 773, curr: 776, next: 777, volume: 3, page: 205
prev: 786, curr: 788, next: 789, volume: 3, page: 209
prev: 806, curr: 808, next: 809, volume: 3, page: 215
prev: 813, curr: 819, next: 820, volume: 3, page: 217
prev: 841, curr: 854, next: 855, volume: 3, page: 225
prev: 863, curr: 866, next: 867, volume: 3, page: 229
prev: 872, curr: 874, next: 875, volume: 3, page: 229
prev: 905, curr: 908, next: 909, volume: 3, page: 241
prev: 920, curr: 922, next: 923, volume: 3, page: 245
prev: 946, curr: 948, next: 949, volume: 3, page: 253
prev: 982, curr: 984, next: 985, volume: 3, page: 260
prev: 993, curr: 997, next: 998, volume: 3, page: 263
prev: 1016, curr: 1021, next: 1022, volume: 3, page: 269
prev: 1023, curr: 1027, next: 1028, volume: 3, page: 270
prev: 1035, curr: 1037, next: 1038, volume: 3, page: 271
prev: 1130, curr: 1132, next: 1133, volume: 3, page: 294
prev: 1141, curr: 1145, next: 1146, volume: 3, page: 296
prev: 1198, curr: 1200, next: 1201, volume: 3, page: 313
prev: 1243, curr: 1, next: 2, volume: 3, page: 323
prev: 2, curr: 4, next: 5, volume: 3, page: 323
prev: 98, curr: 100, next: 101, volume: 4, page: 31
prev: 211, curr: 112, next: 113, volume: 4, page: 71
prev: 113, curr: 214, next: 215, volume: 4, page: 72
prev: 341, curr: 344, next: 345, volume: 4, page: 130
prev: 352, curr: 354, next: 355, volume: 4, page: 134
prev: 371, curr: 376, next: 380, volume: 4, page: 142
prev: 376, curr: 380, next: 381, volume: 4, page: 142
prev: 386, curr: 388, next: 389, volume: 4, page: 148
prev: 461, curr: 463, next: 464, volume: 4, page: 181
prev: 496, curr: 500, next: 501, volume: 4, page: 194
prev: 536, curr: 538, next: 539, volume: 4, page: 210
prev: 554, curr: 557, next: 558, volume: 4, page: 218
prev: 582, curr: 584, next: 585, volume: 4, page: 227
prev: 755, curr: 758, next: 759, volume: 4, page: 286
prev: 760, curr: 762, next: 763, volume: 4, page: 287
prev: 767, curr: 769, next: 770, volume: 4, page: 289
prev: 85, curr: 85, next: 86, volume: 9, page: 28
prev: 115, curr: 115, next: 116, volume: 9, page: 43
prev: 224, curr: 226, next: 227, volume: 9, page: 81
prev: 263, curr: 254, next: 226, volume: 9, page: 101
prev: 254, curr: 226, next: 267, volume: 9, page: 102
prev: 226, curr: 267, next: 268, volume: 9, page: 103
prev: 290, curr: 292, next: 293, volume: 9, page: 110
prev: 346, curr: 350, next: 351, volume: 9, page: 136
prev: 355, curr: 357, next: 359, volume: 9, page: 140
prev: 357, curr: 359, next: 360, volume: 9, page: 142
prev: 372, curr: 374, next: 375, volume: 9, page: 146
prev: 377, curr: 380, next: 381, volume: 9, page: 150
prev: 431, curr: 433, next: 434, volume: 9, page: 167
prev: 436, curr: 438, next: 439, volume: 9, page: 170
prev: 440, curr: 442, next: 443, volume: 9, page: 171
prev: 459, curr: 461, next: 462, volume: 9, page: 178
prev: 477, curr: 474, next: 475, volume: 9, page: 193
prev: 608, curr: 681, next: 682, volume: 9, page: 259
prev: 699, curr: 701, next: 702, volume: 9, page: 268
prev: 736, curr: 738, next: 739, volume: 9, page: 286
prev: 747, curr: 750, next: 751, volume: 9, page: 289
prev: 758, curr: 1, next: 2, volume: 9, page: 308
prev: 6, curr: 8, next: 9, volume: 10, page: 5
prev: 21, curr: 23, next: 24, volume: 10, page: 10
prev: 42, curr: 34, next: 46, volume: 10, page: 15
prev: 34, curr: 46, next: 47, volume: 10, page: 16
prev: 124, curr: 126, next: 128, volume: 10, page: 40
prev: 126, curr: 128, next: 135, volume: 10, page: 40
prev: 128, curr: 135, next: 136, volume: 10, page: 41
prev: 172, curr: 174, next: 175, volume: 10, page: 50
prev: 211, curr: 216, next: 217, volume: 10, page: 64
prev: 258, curr: 260, next: 261, volume: 10, page: 75
prev: 310, curr: 312, next: 313, volume: 10, page: 97
prev: 319, curr: 325, next: 326, volume: 10, page: 99
prev: 326, curr: 328, next: 329, volume: 10, page: 100
prev: 364, curr: 368, next: 369, volume: 10, page: 105
prev: 394, curr: 396, next: 397, volume: 10, page: 108
prev: 411, curr: 413, next: 414, volume: 10, page: 110
prev: 418, curr: 420, next: 421, volume: 10, page: 111
prev: 426, curr: 430, next: 431, volume: 10, page: 113
prev: 461, curr: 463, next: 465, volume: 10, page: 118
prev: 463, curr: 465, next: 466, volume: 10, page: 119
prev: 500, curr: 502, next: 504, volume: 10, page: 122
prev: 502, curr: 504, next: 505, volume: 10, page: 122
prev: 506, curr: 511, next: 512, volume: 10, page: 123
prev: 523, curr: 529, next: 530, volume: 10, page: 125
prev: 532, curr: 534, next: 535, volume: 10, page: 125
prev: 538, curr: 538, next: 539, volume: 10, page: 126
prev: 562, curr: 564, next: 565, volume: 10, page: 139
prev: 610, curr: 613, next: 614, volume: 10, page: 153
prev: 648, curr: 653, next: 654, volume: 10, page: 159
prev: 655, curr: 657, next: 658, volume: 10, page: 160
prev: 664, curr: 666, next: 667, volume: 10, page: 163
prev: 698, curr: 702, next: 703, volume: 10, page: 167
prev: 744, curr: 748, next: 749, volume: 10, page: 174
prev: 765, curr: 769, next: 770, volume: 10, page: 181
prev: 792, curr: 794, next: 795, volume: 10, page: 188
prev: 800, curr: 803, next: 804, volume: 10, page: 190
prev: 822, curr: 828, next: 829, volume: 10, page: 193
prev: 830, curr: 835, next: 836, volume: 10, page: 195
prev: 836, curr: 838, next: 839, volume: 10, page: 196
prev: 894, curr: 897, next: 898, volume: 10, page: 207
prev: 913, curr: 915, next: 916, volume: 10, page: 209
prev: 923, curr: 925, next: 926, volume: 10, page: 212
prev: 944, curr: 946, next: 947, volume: 10, page: 220
prev: 1000, curr: 1002, next: 1003, volume: 10, page: 237
prev: 1097, curr: 1101, next: 1102, volume: 10, page: 279
prev: 1150, curr: 1152, next: 1153, volume: 10, page: 292
prev: 1187, curr: 1189, next: 1192, volume: 10, page: 311
prev: 1189, curr: 1192, next: 1193, volume: 10, page: 312
prev: 1219, curr: 1221, next: 1222, volume: 10, page: 323
prev: 1265, curr: 1267, next: 1268, volume: 10, page: 333
prev: 7, curr: 9, next: 10, volume: 11, page: 4
prev: 13, curr: 15, next: 16, volume: 11, page: 4
prev: 27, curr: 29, next: 30, volume: 11, page: 10
prev: 143, curr: 145, next: 146, volume: 11, page: 13
prev: 234, curr: 9, next: 235, volume: 11, page: 89
prev: 9, curr: 235, next: 236, volume: 11, page: 89
prev: 454, curr: 456, next: 475, volume: 11, page: 135
prev: 456, curr: 475, next: 45, volume: 11, page: 135
prev: 475, curr: 45, next: 459, volume: 11, page: 135
prev: 45, curr: 459, next: 460, volume: 11, page: 135
prev: 481, curr: 483, next: 484, volume: 11, page: 146
prev: 560, curr: 3, next: 4, volume: 11, page: 277
prev: 102, curr: 104, next: 105, volume: 12, page: 19
