(ان امْر وحامل الْقُرْآن احفظ منهاج الْفُرُوع الَّذِي يحيي مشيده)
(وَاذْكُر محَاسِن مَا فيهم إِذا ذكرُوا ولاتعب أحدا مِنْهُم بِمَا فيكا)
(اصفح تحبب دَار واصبر واكتم الشحناء قد أوصى بهَا عثمانا)
(سقط)
(سقط)
(مُكَرر)
(انْتهى التّكْرَار)
(سقط)
(سقط)
(سقط)
(سقط)
(سقط)
(سقط)
(سقط)
(سقط)
(سقط)
(سقط)
(سقط)
(سقط)
(سقط)
(سقط)
(سقط)
(سقط)
(سقط)
(سقط)
(سقط)
(سقط)
(سقط)
(سقط)
(سقط)
(سفط)
(سقط)
(سقط)
(سقط)
(سقط)
(سقط)
(سقط)
(سقط)
(سقط)
(سقط)
(سقط)
(سقط)
(سقط)
(سقط)
(سقط)
(سقط)
(سقط)
(سقط)
(سقط)
(سقط)
(سقط)
(سقط)
(سقط)
(سقط)
(سقط)
(سقط)
(سقط)
(سقط)
(سقط)
(سقط)
(سقط)
(سقط)
(سقط)
(سقط)
(سقط)
(سقط)
(سقط)
(سقط)
(سقط)
(سقط)
(سقط)
(سقط)
(سقط)
(سقط)
(سقط)
(سقط)
(سقط)
(سقط)
(سقط)
(سقط)
(سقط)
(سقط)
(سقط)
(سقط)
(سقط)
(سقط)
(أَبُو ابراهيم)
(أَبُو الاسباط)
(أَبُو اسحق)
(أَبُو أُمَامَة)
(أَبُو البركات)
(أَبُو البركات)
(أَبُو البركات)
(أَبُو البركات)
(أَبُو البركات)
(أَبُو البركات)
(أَبُو البركات)
(أَبُو البركات)
(أَبُو البركات)
(أَبُو البركات)
(أَبُو البركات)
(أَبُو البركات)
(أَبُو البركات)
{أَبُو البركات)
(أَبُو البركات)
(أَبُو البركات)
(أَبُو البركات)
(أَبُو البركات)
(أَبُو البركات)
(أَبُو البركات)
(أَبُو البركات)
(أَبُو البركات)
(أَبُو البركات)
(أَبُو البركات)
(أَبُو البركات)
(أَبُو البركات)
(أَبُو البركات)
(أَبُو البركات)
(أَبُو البركات)
(أَبُو البركات)
(أَبُو البركات)
(أَبُو البركات)
(أَبُو البركات)
(أَبُو البركات)
(أَبُو البركات)
(أَبُو البركات)
(أَبُو البركات)
{أَبُو البركات)
(أَبُو الْبَقَاء)
(أَبُو الْبَقَاء)
(أَبُو الْبَقَاء)
(أَبُو الْبَقَاء)
(أَبُو الْبَقَاء)
(أَبُو الْبَقَاء)
(أَبُو الْبَقَاء)
(أَبُو الْبَقَاء)
(أَبُو بكر)
(أَبُو بكر)
(أَبُو بكر)
(أَبُو بكر)
(أَبُو بكر)
(أَبُو بكر)
(أَبُو بكر)
(أَبُو بكر)
(أَبُو بكر)
(أَبُو بكر)
(أَبُو بكر)
(أَبُو بكر)
(أَبُو بكر)
(أَبُو بكر)
{أَبُو بكر)
(أَبُو بكر)
(أَبُو بكر)
(أَبُو بكر)
(أَبُو بكر)
(أَبُو بكر)
(أَبُو بكر)
(أَبُو بكر)
(أَبُو بكر)
(أَبُو بكر)
(أَبُو بكر)
(أَبُو بكر)
{أَبُو بكر)
(أَبُو بكر)
(أَبُو بكر)
(أَبُو بكر)
(أَبُو بكر)
(أَبُو بكر)
(أَبُو بكر)
(أَبُو بكر)
(أَبُو بكر)
(أَبُو بكر)
(أَبُو بكر)
(أَبُو بكر)
{أَبُو بكر)
(أَبُو بكر)
(أَبُو بكر)
(أَبُو بكر)
(أَبُو بكر)
(أَبُو بكر)
(أَبُو بكر)
(أَبُو بكر)
(أَبُو بكر)
(أَبُو بكر)
(أَبُو بكر)
{أَبُو بكر)
(أَبُو بكر)
(أَبُو بكر)
(أَبُو بكر)
(أَبُو بكر)
(أَبُو بكر)
(أَبُو بكر)
(أَبُو بكر)
(أَبُو بكر)
(أَبُو بكر)
(أَبُو بكر)
(أَبُو بكر)
(أَبُو بكر)
{أَبُو بكر)
(أَبُو بكر)
(أَبُو بكر)
(أَبُو بكر)
(أَبُو بكر)
(أَبُو بكر)
(أَبُو بكر)
(أَبُو بكر)
(أَبُو بكر)
(أَبُو بكر)
(أَبُو بكر)
(أَبُو بكر)
{أَبُو بكر)
(أَبُو بكر)
(أَبُو بكر)
(أَبُو بكر)
(أَبُو بكر)
(أَبُو بكر)
(أَبُو بكر)
(أَبُو بكر)
(أَبُو بكر)
(أَبُو بكر)
(أَبُو بكر)
(أَبُو بكر)
(أَبُو بكر)
(أَبُو بكر)
{أَبُو بكر)
(أَبُو بكر)
(وَاذْكُر أَخا عَاد)
(أَبُو بكر)
(أَبُو بكر)
(أَبُو بكر)
(أَبُو بكر)
(أَبُو بكر)
(أَبُو بكر)
(أَبُو بكر)
(أَبُو بكر)
(أَبُو بكر)
{أَبُو بكر)
(أَبُو بكر)
(أَبُو بكر)
(أَبُو بكر)
(أَبُو بكر)
(أَبُو بكر)
(أَبُو بكر)
(أَبُو بكر)
(أَبُو بكر)
(أَبُو بكر)
(أَبُو بكر)
(أَبُو بكر)
{أَبُو بكر)
(أَبُو بكر)
(أَبُو بكر)
(أَبُو بكر)
(أَبُو بكر)
(أَبُو بكر)
(أَبُو بكر)
(أَبُو بكر)
(أَبُو بكر)
(أَبُو بكر)
{أَبُو بكر)
(أَبُو بكر)
(أَبُو بكر)
(أَبُو بكر)
(أَبُو بكر)
(أَبُو بكر)
(أَبُو بكر)
(أَبُو بكر)
(أَبُو بكر)
(أَبُو بكر)
{أَبُو بكر)
(أَبُو بكر)
(أَبُو بكر)
(أَبُو بكر)
(أَبُو بكر)
(أَبُو بكر)
(أَبُو بكر)
(أَبُو بكر)
(أَبُو بكر)
(أَبُو بكر)
(أَبُو بكر)
{أَبُو بكر)
(أَبُو بكر)
(أَبُو بكر)
(أَبُو بكر)
(أَبُو بكر)
(والممتع بِعَيْنِه)
(أَبُو بكر)
(أَبُو بكر)
(أَبُو بكر)
(أَبُو بكر)
(أَبُو بكر)
(أَبُو بكر)
{أَبُو بكر)
(أَبُو بكر)
(أَبُو بكر)
(أَبُو بكر)
(أَبُو بكر)
(أَبُو بكر)
(أَبُو بكر)
(ألم يَكُونُوا قرءوا
 (نَحن قسمنا بَينهم)
(أَبُو بكر)
(أَبُو بكر)
(أَبُو بكر)
(ابو بكر)
{أَبُو بكر)
(أَبُو بكر)
(أَبُو بكر)
(أَبُو بكر)
(أَبُو بكر)
(أَبُو بكر)
(أَبُو بكر)
(أَبُو بكر)
(أَبُو بكر)
(أَبُو بكر)
(أَبُو بكر)
{أَبُو بكر)
(أَبُو بكر)
(أَبُو بكر)
(أَبُو بكر)
(أَبُو بكر)
(أَبُو بكر)
(أَبُو بكر)
(أَبُو بكر)
(أَبُو بكر)
(أَبُو بكر)
(أَبُو بكر)
(أَبُو بكر)
{أَبُو بكر)
(أَبُو بكر)
(أَبُو بكر)
(ابو بكر)
(أَبُو بكر)
(أَبُو بكر)
(أَبُو بكر)
(ابو بكر)
(أَبُو بكر)
(أَبُو بكر)
(أَبُو بكر)
{أَبُو بكر)
(أَبُو بكر)
(أَبُو بكر)
(أَبُو بكر)
(وَمَا ضبب بِذَهَب أَو فضَّة ضبة كَبِيرَة)
(أَبُو بكر)
(أَبُو بكر)
(أَبُو بكر)
(أَبُو بكر)
(أَبُو بكر)
(أَبُو بكر)
{أَبُو بكر)
(أَبُو بكر)
(أَبُو بكر)
(أَبُو بكر)
(أَبُو بكر)
(واتلي على الطاغين فِي ظلمهم
 (أَلا إِلَى الله تصير الْأُمُور)
(الْقَائِل هُوَ عبد الْبر بن الشّحْنَة كَمَا رَأَيْته بِخَطِّهِ عِنْد الْمُؤلف رَحمَه الله)
(أَبُو بكر)
(أَبُو بكر)
(أَبُو بكر)
(أَبُو بكر)
(أَبُو بكر)
{أَبُو بكر)
(أَبُو بكر)
(أَبُو بكر)
(أَبُو بكر)
(أَبُو بكر)
(أَبُو بكر)
(أَبُو بكر)
(أَبُو بكر)
(أَبُو بكر)
(أَبُو بكر)
(أَبُو بكر)
(أَبُو بكر)
(أَبُو بكر)
{أَبُو بكر)
(أَبُو بكر)
(ابو بكر)
(أَبُو بكر)
(أَبُو بكر)
(أَبُو بكر)
(أَبُو بكر)
(أَبُو بكر)
(أَبُو بكر)
(أَبُو بكر)
(أَبُو بكر)
(أَبُو بكر)
(أَبُو بكر)
{أَبُو بكر)
(ابو بكر)
(أَبُو بكر)
(أَبُو بكر)
(أَبُو بكر)
(أَبُو بكر)
(أَبُو بكر)
(أَبُو بكر)
(أَبُو بكر)
(أَبُو بكر)
{أَبُو بكر)
(أَبُو بكر)
(أَبُو بكر)
(أَبُو بكر)
(أَبُو بكر)
(أَبُو بكر)
(أَبُو بكر)
(أَبُو بكر)
(أَبُو بكر)
(أَبُو بكر)
(أَبُو بكر)
(أَبُو بكر)
(أَبُو بكر)
{أَبُو بكر)
(أَبُو بكر)
(أَبُو بكر)
(أَبُو بكر)
(أَبُو بكر)
(أَبُو بكر)
(أَبُو بكر)
(أَبُو بكر)
(أَبُو بكر)
(أَبُو بكر)
(أَبُو بكر)
(أَبُو بكر)
(أَبُو بكر)
{أَبُو بكر)
(أَبُو بكر)
(أَبُو بكر)
(أَبُو بكر)
(أَبُو بكر)
(أَبُو بكر)
(أَبُو بكر)
(أَبُو بكر)
(أَبُو بكر)
(أَبُو بكر)
(أَبُو بكر)
(أَبُو بكر)
(أَبُو بكر)
(أَبُو بكر)
{أَبُو بكر)
(أَبُو بكر)
(أَبُو بكر)
(أَبُو بكر)
(ابو بكر)
(أَبُو بكر)
(ابو بكر)
(أَبُو بكر)
(أَبُو بكر)
(أَبُو بكر)
(أَبُو بكر)
(أَبُو بكر)
(أَبُو بكر)
(ابو بكر)
(ابو بكر)
(أَبُو بكر)
(أَبُو بكر)
(أَبُو بكر)
{أَبُو بكر)
(أَبُو بكر)
(أَبُو بكر)
(أَبُو بكر)
(أَبُو بكر)
(أَبُو بكر)
(أَبُو بكر)
(أَبُو بكر)
(أَبُو بكر)
(أَبُو بكر)
(أَبُو بكر)
(أَبُو بكر)
(أَبُو بكر)
(أَبُو التقى)
(أَبُو التقى)
(أَبُو التقى)
(أَبُو جَعْفَر)
(أَبُو الْجُود)
(أَبُو الْجُود)
(أَبُو الْجُود)
(أَبُو حَاتِم)
(أَبُو حَامِد)
(أَبُو حَامِد)
(أَبُو حَامِد)
(أَبُو حَامِد)
(أَبُو حَامِد)
{أَبُو حَامِد)
(أَبُو حَامِد)
(أَبُو حَامِد)
(أَبُو حَامِد)
(أَبُو حَامِد)
(أَبُو حَامِد)
(أَبُو حَامِد)
(أَبُو الْحجَّاج)
(أَبُو الْحرم)
(أَبُو الْحسن)
(أَبُو الْحسن)
(أَبُو الْحسن)
(أَبُو الْحسن)
(أَبُو الْحسن)
(أَبُو الْحسن)
(أَبُو الْحسن)
(أَبُو الْحسن)
(أَبُو الْحسن)
(أَبُو الْحسن)
(أَبُو الْحَيَاة)
(أَبُو الْخَيْر)
(أَبُو الْخَيْر)
{أَبُو الْخَيْر)
(أَبُو الْخَيْر)
(أَبُو الْخَيْر)
(أَبُو الْخَيْر)
(أَبُو الْخَيْر)
(أَبُو الْخَيْر)
(أَبُو الْخَيْر)
(أَبُو الْخَيْر)
(أَبُو الْخَيْر)
(أَبُو الْخَيْر)
(أَبُو الْخَيْر)
(أَبُو الْخَيْر)
(أَبُو الْخَيْر)
(أَبُو الْخَيْر)
{أَبُو الْخَيْر)
(أَبُو الْخَيْر)
(أَبُو الْخَيْر)
(أَبُو الْخَيْر)
(أَبُو الْخَيْر)
(أَبُو الْخَيْر)
(أَبُو الْخَيْر)
(ابو الْخَيْر)
(أَبُو الْخَيْر)
(أَبُو الْخَيْر)
(أَبُو الْخَيْر)
(أَبُو الْخَيْر)
(أَبُو الْخَيْر)
(ابو الْخَيْر)
(أَبُو الْخَيْر)
(أَبُو الْخَيْر)
{أَبُو الْخَيْر)
(أَبُو الْخَيْر)
(أَبُو الْخَيْر)
(أَبُو الْخَيْر)
(أَبُو الْخَيْر)
(أَبُو الْخَيْر)
(أَبُو الْخَيْر)
(أَبُو الْخَيْر)
(أَبُو الْخَيْر)
(أَبُو الْخَيْر)
(أَبُو الْخَيْر)
(أَبُو الْخَيْر)
(أَبُو الْخَيْر)
(أَبُو الْخَيْر)
(أَبُو الْخَيْر)
(أَبُو الْخَيْر)
(أَبُو الْخَيْر)
(أَبُو الْخَيْر)
(أَبُو الْخَيْر)
(أَبُو الْخَيْر)
(أَبُو الْخَيْر)
(أَبُو ذَر)
(أَبُو ذَر)
(أَبُو ذَر)
(أَبُو الرجا)
(أَبُو الرِّضَا)
(أَبُو الرِّضَا)
(أَبُو زرْعَة)
(أَبُو زرْعَة)
(أَبُو زرْعَة)
(أَبُو زرْعَة)
(أَبُو زيد)
(أَبُو زيد)
(أَبُو السرُور)
(أَبُو السرُور)
(أَبُو السعادات)
(أَبُو السعادات)
(أَبُو السعادات)
(أَبُو السعادات)
(أَبُو السعادات)
{أَبُو السعادات)
(أَبُو السعادات)
(أَبُو السعادات)
(أَبُو السعادات)
(أَبُو سعد)
(أَبُو سعد)
(أَبُو سعد)
(أَبُو سعد)
(أَبُو سعد)
(أَبُو سعد)
(أَبُو سعد)
(أَبُو السُّعُود)
(أَبُو السُّعُود)
(أَبُو السُّعُود)
(أَبُو السُّعُود)
(أَبُو السُّعُود)
(أَبُو السُّعُود)
(أَبُو السُّعُود)
(أَبُو السُّعُود)
(أَبُو السُّعُود)
(أَبُو السُّعُود)
(أَبُو السُّعُود)
(أَبُو السُّعُود)
{أَبُو السُّعُود)
(أَبُو السُّعُود)
(أَبُو السُّعُود)
(أَبُو السُّعُود)
(أَبُو السُّعُود)
(أَبُو السُّعُود)
(أَبُو سعيد)
(أَبُو سعيد)
(أَبُو سعيد)
(أَبُو سعيد)
(أَبُو سهل)
(أَبُو شعر)
(أَبُو الشفا)
(أَبُو الصَّفَا)
(أَبُو الطَّاهِر)
(أَبُو الطَّاهِر)
(أَبُو الطَّاهِر)
(أَبُو الطَّاهِر)
(أَبُو الطَّاهِر)
(أَبُو الطَّاهِر)
(أَبُو الطّيب)
(أَبُو الطّيب)
(أَبُو الطّيب)
(أَبُو الطّيب)
(ابو الطّيب)
(أَبُو الطّيب)
{أَبُو الطّيب)
(أَبُو الطّيب)
(أَبُو الطّيب)
(أَبُو الطّيب)
(أَبُو الطّيب)
(أَبُو الطّيب)
(أَبُو الْعَبَّاس)
(أَبُو الْعَبَّاس)
(أَبُو الْعَبَّاس)
(أَبُو الْعَبَّاس)
(أَبُو الْعَبَّاس)
(أَبُو الْعَبَّاس)
(أَبُو الْعَبَّاس)
(أَبُو الْعَبَّاس)
(أَبُو الْعَبَّاس)
(أَبُو الْعَبَّاس)
(أَبُو عبد الْقَادِر)
(أَبُو عبد الله)
(أَبُو عبد الله)
(أَبُو عبد الله)
(أَبُو عبد الله)
(أَبُو عبد الله)
(أَبُو عبد الله)
(أَبُو عبد الله)
(أَبُو عبد الله)
(أَبُو عبد الله)
(أَبُو عبد الله)
(أَبُو عبد الله)
(أَبُو عبد الله)
(أَبُو عبد الله)
(أَبُو الْعدْل)
(أَبُو الْعُرْيَان)
(أَبُو الْعَزْم)
(أَبُو غَالب)
(أَبُو غَالب)
(أَبُو الغوائر)
(أَبُو الْغَيْث)
{أَبُو الْغَيْث)
(أَبُو الْغَيْث)
(أَبُو الْغَيْث)
(أَبُو الْغَيْث)
(أَبُو الْغَيْث)
(أَبُو فَارس)
(أَبُو الْفَتْح)
(أَبُو الْفَتْح)
(أَبُو الْفَتْح)
(أَبُو الْفَتْح)
(أَبُو الْفَتْح)
(أَبُو الْفَتْح)
(أَبُو الْفَتْح)
(أَبُو الْفَتْح)
(أَبُو الْفَتْح)
(أَبُو الْفَتْح)
(أَبُو الْفَتْح)
(أَبُو الْفَتْح)
(أَبُو الْفَتْح)
(أَبُو الْفَتْح)
{أَبُو الْفَتْح)
(أَبُو الْفَتْح)
(أَبُو الْفَتْح)
(أَبُو الْفَتْح)
(أَبُو الْفَتْح)
(أَبُو الْفَتْح)
(أَبُو الْفَتْح)
(أَبُو الْفَتْح)
(أَبُو الْفَتْح)
(أَبُو الْفَتْح)
(أَبُو الْفَتْح)
(أَبُو الْفَتْح)
(أَبُو الْفَتْح)
(أَبُو الْفَتْح)
(أَبُو الْفَتْح)
(أَبُو الْفَتْح)
(أَبُو الْفَتْح)
(أَبُو الْفَتْح)
(أَبُو الْفَتْح)
{أَبُو الْفَتْح)
(أَبُو الْفَتْح)
(ابو الْفَتْح)
(أَبُو الْفَتْح)
(أَبُو الْفَتْح)
(أَبُو الْفَتْح)
(أَبُو الْفَتْح)
(أَبُو الْفَتْح)
(أَبُو الْفَتْح)
(أَبُو الْفَتْح)
(أَبُو الْفَتْح)
(أَبُو الْفَتْح)
(أَبُو الْفَتْح)
(أَبُو الْفَتْح)
(أَبُو الْفَتْح)
(أَبُو الْفَتْح)
(أَبُو الْفَتْح)
(أَبُو الْفَتْح)
(أَبُو الْفَتْح)
(أَبُو الْفَتْح)
(أَبُو الْفَتْح)
(أَبُو الْفَتْح)
(أَبُو الْفَتْح)
(أَبُو الْفَتْح)
(أَبُو الْفَتْح)
(أَبُو الْفرج)
(أَبُو الْفرج)
(أَبُو الْفرج)
(أَبُو الْفرج)
{أَبُو الْفرج)
(أَبُو الْفرج)
(أَبُو الْفرج)
(أَبُو الْفرج)
(أَبُو الْفرج)
(أَبُو الْفَضَائِل)
(أَبُو الْفَضَائِل)
(أَبُو الْفضل)
(أَبُو الْفضل)
(أَبُو الْفضل)
(أَبُو الْفضل)
(أَبُو الْفضل)
(أَبُو الْفضل)
(أَبُو الْفضل)
(أَبُو الْفضل)
(أَبُو الْفضل)
(أَبُو الْفضل)
(أَبُو الْفضل)
(أَبُو الْفضل)
(أَبُو الْفضل)
(أَبُو الْفضل)
(أَبُو الْفضل)
(أَبُو الْفضل)
(أَبُو الْفضل)
(أَبُو الْفضل)
(أَبُو الْفضل)
(أَبُو الْفضل)
(أَبُو الْفضل)
(أَبُو الْفضل)
(أَبُو الْفضل)
(أَبُو الْفضل)
{أَبُو الْفضل)
(أَبُو الْفضل)
(أَبُو الْفضل)
(أَبُو الْفضل)
(أَبُو الْفضل)
(أَبُو الْفضل)
(أَبُو الْفضل)
(أَبُو الْفضل)
(أَبُو الْفضل)
(أَبُو الْفضل)
(أَبُو الْفضل)
(أَبُو الْفضل)
(أَبُو الْفضل)
(أَبُو الْفضل)
(أَبُو الْفضل)
(أَبُو الْفضل)
(أَبُو الْفضل)
(أَبُو الْفضل)
(أَبُو الْفَوْز)
(أَبُو الْفَوْز)
(أَبُو الْفَوْز)
(أَبُو الْفَيْض)
(أَبُو الْقسم)
(أَبُو الْقسم)
(أَبُو الْقسم)
(أَبُو الْقسم)
(أَبُو الْقسم)
(أَبُو الْقسم)
{أَبُو الْقسم)
(أَبُو الْقسم)
(أَبُو الْقسم)
(أَبُو الْقسم)
(أَبُو الْقسم)
(أَبُو الْقسم)
(أَبُو الْقسم)
(أَبُو الْقسم)
(أَبُو الْقسم)
(أَبُو الْقسم)
(أَبُو الْقسم)
(أَبُو الْقسم)
{أَبُو الْقسم)
(أَبُو الْقسم)
(أَبُو الْقسم)
(أَبُو الْقسم)
(أَبُو الْقسم)
(أَبُو الْقسم)
(أَبُو الْقسم)
(أَبُو الْقسم)
(أَبُو الْقسم)
(أَبُو الْقسم)
{أَبُو الْقسم)
(أَبُو الْقسم)
(أَبُو الْقسم)
(أَبُو الْقسم)
(أَبُو الْقسم)
(أَبُو الْقسم)
(أَبُو الْقسم)
(أَبُو الْقسم)
(أَبُو الْقسم)
(أَبُو الْقسم)
(أَبُو الْقسم)
(أَبُو الْقسم)
(أَبُو الْقسم)
{أَبُو الْقسم)
(أَبُو الْقسم)
(أَبُو الْقسم)
(أَبُو الْقسم)
(أَبُو الْقسم)
(أَبُو الْقسم)
(أَبُو الْقسم)
(أَبُو الْقسم)
(أَبُو الْقسم)
(أَبُو الْقسم)
(أَبُو الْقسم)
(أَبُو الْقسم)
(أَبُو الْقسم)
(أَبُو الْقسم)
(أَبُو الْقَاسِم)
(أَبُو الْقسم)
(أَبُو كَامِل)
(أَبُو الْكَرم)
(أَبُو كم)
(ابو اللطف)
(أَبُو اللَّيْث)
(أَبُو المحاسن)
(أَبُو مَدين)
(أَبُو مَدين)
{أَبُو المراحم)
(أَبُو المراحم)
(أَبُو مساعد)
(أَبُو المكارم)
(أَبُو المكارم)
(أَبُو المكارم)
(أَبُو المكارم)
(أَبُو المكارم)
(أَبُو الْمَنْصُور)
(أَبُو الْمَوَاهِب)
(أَبُو نَافِع)
(أَبُو النجاح)
(أَبُو النجا)
(أَبُو النجا)
(أَبُو النجا)
(أَبُو النجا)
(أَبُو النجا)
(أَبُو النجا)
(أَبُو النجا)
(أَبُو النجا)
{أَبُو النجا)
(أَبُو النجا)
(أَبُو النجا)
(أَبُو النجا)
(أَبُو نجور)
(أَبُو نصر)
(أَبُو النَّعيم)
(ابو النُّور)
(أَبُو الهائم)
(أَبُو هُرَيْرَة)
(أَبُو هُرَيْرَة)
(أَبُو الهيجا)
(أَبُو الوفا)
(وَأَبُو الوفا)
(أَبُو الوفا)
(أَبُو الْوَلِيد)
(أَبُو لاطية)
(أَبُو يحيى)
(أَبُو يزِيد)
(أَبُو يزِيد)
(أَبُو يزِيد)
(أَبُو يزِيد)
(أَبُو يزِيد)
{أَبُو يزِيد)
(أَبُو يزِيد)
(أَبُو يزِيد)
(أَبُو يزِيد)
(أَبُو يزِيد)
(أَبُو الْيُسْر)
(أَبُو الْيُسْر)
(أَبُو الْيُسْر)
(أَبُو الْيمن)
(أَبُو الْيمن)
(أَبُو الْيمن)
(أَبُو الْيمن)
(أَبُو الْيمن)
(أَبُو الْيمن)
(أَبُو الْيمن)
(أَبُو الْيمن)
(أَبُو الْيمن)
(أثير)
(أَسد الدّين)
{أصيل)
(افتخار)
(أفضل)
(أكمل)
(إِمَام)
(أَمِين)
(أوحد)
(بدر)
(برهَان الدّين)
(بهاء الدّين)
(تَاج الدّين)
(وتاج الدّين)
(وتاج الدّين)
(وتاج الدّين)
(وتاج الدّين)
(وتاج الدّين)
(تَقِيّ الدّين)
(جلال الدّين)
(جمالد الدّين)
(حَافظ الدّين)
(حسام الدّين)
(حميد الدّين)
(خير الدّين)
(ركن الدّين)
(ركن الدّين)
(زكي الدين)
(زين الدين)
(والزين الطَّبَرِيّ)
(حرف السِّين الْمُهْملَة)
(سعد الدّين)
(شرف الدّين)
{شمس الدّين)
(شهَاب الدّين)
(الصَّدْر)
(صفي الدّين)
(والصفي)
(صَلَاح الدّين)
(وَصَلَاح)
(صير الدّين)
(الضياء)
(ضيا الدّين)
(ظهير الدّين)
(عز الدّين)
(عَزِيز الدّين)
(عضد الدّين)
(عفيف الدّين)
(عفيف)
(عَلَاء الدّين)
(علم الدّين)
(عماد الدّين)
(غياث الدّين)
(فتح الدّين)
{فَخر الدّين)
(فَخر الدّين)
(فَخر الدّين)
(فَخر الدّين)
(قطب الدّين)
(قوام الدّين)
(قِيَاس الدّين)
(كريم الدّين)
(الْكَمَال)
(لِسَان الدّين)
(محد الدّين)
(مجير الدّين)
(محب الدّين)
(محيي الدّين)
(مخلص الدّين)
(مظفر الدّين)
{معِين الدّين)
(موفق الدّين)
(مؤيد الدّين)
(ناضر الدّين)
(نجم الدّين)
(نجم الدّين)
(نجيب الدّين)
(نسيم الدّين)
(نَفِيس الدّين)
(نور الدّين)
(همام الدّين)
(وجيه الدّين)
(ولي الدّين)
(ولي الدّين)
(وَولي الدّين)
(استادار الأغوار)
(الأشتر)
(الْأَشْرَف)
(الأشرم الْيَمَانِيّ)
(الْأَشْقَر)
(الْأَعْرَج)
(إِمَام جَامع الْحَاكِم)
(إِمَام الشيخونية)
(إِمَام مَسْجِد قراقجا)
(إِمَام الْمقَام الْأَعْظَم بِمَكَّة)
(إِمَام الْمقَام الْحَنَفِيّ بهَا)
(أَمِير ركب التكاررة)
(الْأمين)
(الأهدل)
(باكير)
(باهو)
(بَدَنَة)
(البدوي)
(بدير)
(بعيزق)
(بولاد)
(بَيَان)
(بيخا)
(بير أَحْمد)
(بير مُحَمَّد)
(بيرم)
(بيرو)
(البيسق)
(بَيْضَة)
(التَّاجِر)
(الثور)
(جحا)
(الجزار)
(الجعجاع)
(جنيبات)
(الجويعين)
(الْحَافِظ)
(الْحَافِظ الْأَعْرَج)
(الحبار)
(حب الله)
(حبقة)
{الْحداد)
(حُذَيْفَة)
(الحرفوش)
(حصيرم)
(الحطي)
(الْحِكْمَة)
(حلولو)
(حمام)
(الْحَلَال)
(الحنش)
(خَادِم جَعْفَر)
(خَادِم الربعة)
(الْخَادِم بالشيخونية)
(خَال الْقَرَافِيّ)
(خَال ابْن الزَّمن)
(خرز)
(خروف)
(الْخَطِيب الْحَنْبَلِيّ)
(الْخَطِيب الزائر)
(خطيب الثابتية)
(خطيب داريا)
(خطيب قرتيا)
(خطيب المشهد الْحُسَيْنِي)
(الْخَطِيب الوزيري)
(الخلوف المغربي)
(خواجا سُلْطَان)
(الْخَواص)
(الدبيب)
(دبيس)
(الدُّخان)
(درويش)
(الدقاق)
(دقماق)
(دليم)
(الدويك)
(الذاكر)
(ذُو النُّون)
(الذويد)
(راحات)
(الرصاع)
(رطب)
(الركاب)
(الريس)
(رَئِيس المؤذنين)
(الزَّاهِد)
(زَائِد)
(زُرَيْق)
(زعبوب)
(زغلش)
(زقي)
(الزهر)
(زَيْت حَار)
(زين الصَّالِحين)
(زين العابدين)
(زين العابدين)
(زين العابدين)
{زين العابدين)
(زين العابدين)
(سبط ابْن أبي جَمْرَة)
(سبط الزبير)
(سبط شَيخنَا)
(سبط العاملي)
(سبط ابْن اللبان)
(سبط الْموصِلِي)
(سبط ابْن الميلق)
(سبط ابْن النقاش)
(سبط ابْن هِشَام)
(سُلْطَان كلبرجة)
(سِنَان)
(سويدان)
(السَّيِّد الْجِرْجَانِيّ)
(سَيِّدي الصَّغِير وسيدي الْكَبِير)
(الشَّاب التائب)
(شردمة)
(شرف الخطباء)
(الشريف)
(شرِيف)
(الشعشاع)
(شفتر)
(شقير)
(شكر)
(الشماع)
(شوربة)
(الشويهد)
(شيخ الْإِسْلَام)
(شيخ الحديدة)
(شيخ الفراشين)
(الصاحب)
(صَاحب الزمامية)
(صَاحب قبرس)
(صَاحب كنباية)
(الصَّالح)
(الصَّامِت)
(الصَّامِت)
(الصَّائِغ)
(الصّباغ)
(الصبوة)
(الصعيدي)
(الصَّغِير)
(صنان)
(صهر ابْن الجندي)
(وصهر قاوان)
(وصهر الْمَنَاوِيّ)
(الضاني)
(ضفدع)
(الطَّاهِر)
(طبيخ الغزولي)
(الطّيب)
(الظَّاهِر)
(الظريف)
(العذول)
(الْعُرْيَان)
(عزوز)
(عَزِيز)
(عَزِيز)
(الْعَزِيز)
(عُصْفُور الْكَاتِب)
(العقعق)
(الْعَوام)
(عويس)
(عيان)
(الغطاس)
(غفير)
(الْغلَّة)
(الغندور)
(الفار)
(فائز)
(الْفَتى)
(فتفت)
(الفرغل)
(فطيس)
(قَاصد الْحَبَشَة)
(قَاضِي الجزيرة)
(قَاضِي الْجَمَاعَة)
(قَاضِي)
(قاوان)
(قدار)
(قرا غُلَام)
(قرا يلوك)
(قرقماش)
(قل درويش)
(القلفاط)
(قلقسز)
(القماح)
(القواس)
(قوالح)
(قوزى)
(كَاتب السِّرّ)
(كبيش الْعَجم)
(كتكوت)
(كَرِيمَة)
(كزبر)
(كُلَيْب السُّوق)
(كُلَيْب الْعَجم)
(لاطونة)
(اللالا)
(الماعز)
(مامش)
(الْمبرد)
(المتَوَكل على الله)
(المجاور)
(الْمَجْنُون)
(الْمُحْتَسب)
(الْمُحْتَسب)
(المحوجب)
(مخدوعة)
(الْمَذْكُور)
(مرزا)
(المزجج)
(الْمسَاوِي)
(المستحل)
(المستعين بِاللَّه)
(المستكفي بِاللَّه)
(المستنجد بِاللَّه)
(الْمُسْتَمْلِي)
(الْمِسْكِين)
(المشرع)
(مشيمش)
(المطيبيز)
(المطيب)
(المظفر)
(مظفر الدّين)
(المعتضد بِاللَّه)
(المعيد)
(مقيت)
(المكشكش)
(الْمُنْتَصر)
(الْمَنْصُور)
(المهتار)
(المهمندار)
(موقت)
(الْمُؤَيد)
(الموله)
(النَّاصِر)
(النجار)
(النّحاس)
(نزيل الْكِرَام)
(نصف وَجه)
(النقاش)
(نقيب الْأَشْرَاف)
(نقيب الْقصر)
(الهائم)
(هبيهب)
(الهزبر)
(وَالِي الفيوم)
(الْوراق)
(الوزة)
(الْوَزير)
(وفا)
(ولي الدولة)
(الآثاري)
(الأباريقي)
(الابدي)
(الإبراهيمي)
(الابشيطي)
(الابشيهي)
(الأبناسي)
(الابوتيجي)
(الأبودري)
(الأبوصيري)
(الأبياري)
(الأبي)
(الابي)
(الأَجْهُورِيّ)
(أَحْمد آباد)
(الاخطابي)
(الاخميمي)
(الأخنائي)
(الأخوي)
(الخجندي)
(الادكاوي)
(الأدمِيّ)
(الْأَذْرَعِيّ)
(الأردبيلي)
(الأرسوفي)
(الأرميوني)
(الْأَزْهَرِي)
(الأزيرق)
(الاسحاقي)
(الاسطنبولي)
(الاسعردي)
(الأسنائي)
(الأسواني)
(الأسيوطي)
(الأشمومي)
(الأشموني)
(الأشليمي)
(الْأصيلِيّ)
(الاطرابلسي)
(الاقباعي)
(الأقصرائي)
(الأقفهسي)
(الأقواسي)
(الأمشاطي)
(الْأمَوِي)
(الْأمَوِي)
(الأميوطي)
(الأنبابي)
(الأندلسي)
(الْأنْصَارِيّ)
(الأهناسي)
(الأوجاقي)
(الأياسي)
(الأوحدي)
(الايجي)
(الباحسيتي)
(الباخرري)
(الْبَارِزِيّ)
(البارنباري)
(الباريني)
(الْبَارِي)
(الباعوني)
(البالسي)
(البامي)
(البباوي)
(البتنوني)
(البجائي)
(البحري)
(الْبُحَيْرِي)
(البجيري)
(البُخَارِيّ)
(البدرشي)
(البدري)
(البدماصي)
(الْبَرْبَرِي)
(البرديني)
(الْبُرْزُليّ)
(البرشاني)
(البرشكي)
(البرشنسي)
(البرصاوي)
(البرقي)
(الْبُرُلُّسِيّ)
(الْبرمَاوِيّ)
(البرنتيشي)
(البرنكيمي)
(البزازي)
(الْبِسَاطِيّ)
(البسطامي)
(البسلقوني)
(البسكرى)
(البسيلي)
(البشبيشي)
(البشتكي)
(البشكالسي)
(البشيري)
(البصروي)
(الْبَصْرِيّ)
(البطائحي)
(البطايني)
(البطراوي)
(البطومسي)
(البطيني)
(البعلي)
(الْبَغْدَادِيّ)
(البقاعي)
(البكتمري)
(الْبكْرِيّ)
(البلاطنسي)
(البلالي)
(البلبيسي)
(البلفيائي)
(البلقاسي)
(البُلْقِينِيّ)
(البلياني)
(البليني)
(البنبي)
(البندراوي)
(البنهاوي)
(البهادري)
(البهرمسي)
(البهنسي)
(والبهنسي)
(البهوتي)
(البوشي)
(البوصيري)
(الْبونِي)
(الْبُوَيْطِيّ)
(الْبَيَانِي)
(البيجوري)
(البيدموري)
(الْبَيْرُوتِي)
(البيري)
(البيشي)
(التادفي)
(التباني)
(التبريزي)
(التتائي)
(التيجبي)
(التدمري)
(التركماني)
(التركي)
(التروجي)
(التريكي)
(التزمنتي)
(التعزي)
(التفهني)
(التَّقْوَى)
(التكروري)
(التلاوي)
(التلائي)
(التلعفري)
(التلمساني)
(التلواني)
(التَّمِيمِي)
(التنسي)
(التهامي)
(التوتي)
(التوريزي)
(التّونسِيّ)
(التيزيني)
(الجاجرمي)
(الجارحي)
(الجاناتي)
(الجبرتي)
(الجحافي)
(الجديدي)
(الجراحي)
(الجرادقي)
(الجرهي)
(الجرواني)
(الجرومي)
(الجزائري)
(الْجَزرِي)
(الْجُزُولِيّ)
(الجزبري)
(الجشي)
(الجعبري)
(الْجَعْفَرِي)
(الجلالي)
(الجلجولي)
(الجماعيلي)
(الجمالي)
(الجميعي)
(الجناجي)
(الجناني)
(الْجَوْجَرِيّ)
(الجوشني)
(الْجَوْهَرِي)
(الْجُوَيْنِيّ)
(الجيزي)
(الحاجبي)
(الحاضري)
(الحافي)
(الحاكمي)
(الحبيشي)
(الْحِجَازِي)
(الحدادي)
(الْحرَازِي)
(الحريري)
(الحساني)
(الحسباني)
(الحسفاوي)
(الحسني)
(الْحُسَيْنِي)
(الحصري)
(الحصكفي)
(الحصني)
(الْحطاب)
(الحكري)
(الْحكمِي)
(الْحَكِيم)
(الحلالي)
(الْحلَبِي)
(الْحلْوانِي)
(الْحلَبِي)
(الحمامي)
(الْحِمصِي)
(الْحَمَوِيّ)
(الحناوي)
(الْحَنَفِيّ)
(الْحوَاري)
(الحوراني)
(الحوشي)
(الحوفي)
(الخالدي)
(الخانكي)
(الخباني)
(الخجندي)
(الخراز)
(الخراشي)
(الخروبي)
(الخزرجي)
(الخشبي)
(الخصوصي)
(الخضري)
(الخطيري)
(الخليجي)
(الخليفتي)
(الخليلي)
(الخناني)
(الْخَواص)
(الخوافي)
(الخونجي)
(الْخَولَانِيّ)
(الخيضري)
(الدَّاودِيّ)
(الدجوي)
(الدرشابي)
(الدسوقي)
(الدشطوخي)
(الدفري)
(الدقاق)
(الدقوقي)
(الدكالي)
(الدلجي)
(الدلوالي)
(الدماصي)
(الدماطي)
(الدماميني)
(الدمسيسي)
(الدِّمَشْقِي)
(الدمنهوري)
(الدمهوجي)
(الدموشي)
(الدموهي)
(الدمياطي)
(الدَّمِيرِيّ)
(الدميسني)
(الدنجاوي)
(الدنجيهي)
(الدهان)
(الدهتوري)
(الدهمراوي)
(الدواخلي)
(الدواني)
(الديروطي)
(الديري)
(الديسطي)
(الديمي)
(الذروي)
(الذيبي)
(الرَّازِيّ)
(الرَّاشِدِي)
(الرَّاعِي)
(الرَّافِعِيّ)
(الربعِي)
(الرَّحبِي)
(الرحماني)
(الردادي)
(الرَّشِيدِيّ)
(الرعلي)
(الرِّفَاعِي)
(الرقي)
(الركراكي)
(الرمثاوي)
(الرَّمْلِيّ)
(الرهوني)
(الرَّوْيَانِيّ)
(الريشي)
(الريمي)
(الزبيدِيّ)
(الزبيرِي)
(الزبيرِي)
(الزراتيتي)
(الزرعي)
(الزَّرْكَشِيّ)
(الزرندي)
(الزعبلي)
(الزعبي)
(الزعيفريني)
(الزفتاوي)
(الزلديوي)
(الزمزمي)
(الزنكلوني)
(الزهْرَانِي)
(الزُّهْرِيّ)
(الزهوري)
(الزواوي)
(الزيات)
(الزيَادي)
(الزيتوني)
(الزيدي)
(الزينوني)
(الزَّيْلَعِيّ)
(السُّبْكِيّ)
(السجيني)
(السحماوي)
(السخاوي)
(السدرشي)
(السرائي)
(السرسنائي)
(السرسي)
(السروي)
(السَّعْدِيّ)
(السعودي)
(السفطرشيني)
(السفطي)
(السَّقطِي)
(السكاكيني)
(السكرِي)
(السكندري)
(السلَامِي)
(السلاوي)
(السلموني)
(السماسمي)
(السمديسي)
(السمربائي)
(السَّمرقَنْدِي)
(السمهودي)
(السميط)
(السنباطي)
(السنتاوي)
(السندبيسي)
(السندوي)
(السنهوري)
(السنيتي)
(السنيكي)
(السهروردي)
(السُّهيْلي)
(السوبيني)
(السوهائي)
(السويفي)
(السيرامي)
(السيرجي)
(السيلي)
(السُّيُوطِيّ)
(السيوفي)
(الشاذلي)
(الشارعي)
(الشارمساحي)
(الشارنقاشي)
(الشَّامي)
(الشاوي)
(الشباسي)
(الشبراوي)
(الشراريبي)
(الشربيني)
(الشرجي)
(الشُّرُنْبُلَالِيّ)
(الشرواني)
(الشُّرُوطِي)
(الشريفي)
(الششتري)
(الشطرنجي)
(الشطنوفي)
(الشَّعْبَانِي)
(الشعيري)
(الشغري)
(الشقطي)
(الشكلي)
(الشلقامي)
(الشنباري)
(الشنقاسي)
(الشنشي)
(الشنويهي)
(الشوايطي)
(الشوري)
(الشَّيْبَانِيّ)
(الشيبي)
(الشيخي)
(الشِّيرَازِيّ)
(الشيشيني)
(الصَّابُونِي)
(الصَّالِحِي)
(الصاني)
(الصَّائِغ)
(الصرخدي)
(الصعيدي)
(الصَّفَدِي)
(الصلتي)
(الصندفائي)
(الصندلي)
(الصنهاجي)
(الصهرجتي)
(الصُّوفِي)
(الصيرامي)
(الصَّيْرَفِي)
(الضاني)
(الضبعِي)
(الضَّبِّيّ)
(الضجاعي)
(الطاوسي)
(الطَّائِفِي)
(الطباطبي)
(الطَّبَرِيّ)
(الطبلاوي)
(الطبناوي)
(الطلخاوي)
(الطرابلسي)
(الطريني)
(الطشطوشي)
(الطلخاوي)
(الطلياوي)
(الطناحي)
(الطنبذي)
(الطنتدائي)
(الطنساوي)
(الطنوبي)
(الطهطاوي)
(الطوخي)
(الطوري)
(الطولوني)
(الطياري)
(الطَّيِّبِيّ)
(الطيماني)
(الطيوري)
(الظَّاهِرِيّ)
(الظهيري)
(العاصفي)
(العامري)
(العاملي)
(الْعَبَّادِيّ)
(العباسي)
(والعباسي)
(الْعَبْسِي)
(العثماني)
(العجلوني)
(العجمي)
(العجيسي)
(العجيمي)
(العداس)
(الغدناني)
(الْعَدوي)
(العرابي)
(العرابي)
(والعرابي)
(الْعِرَاقِيّ)
(الْعَرَبِيّ)
(العرشاني)
(العرضي)
(العرياني)
(العريبي)
(العزيزي)
(الْعُزَّى)
(العساسي)
(العسيلي)
(العشماوي)
(الْعَطَّار)
(العطائي)
(العطري)
(العطوي)
(العفصي)
(العقباني)
(العقبي)
(العقيبي)
(الْعقيلِيّ)
(العلائي)
(العلقمي)
(العلمي)
(الْعلوِي)
(العمراني)
(العمريطي)
(الْعمريّ)
(العميري)
(الْعَنْبَري)
(العنتابي)
(العياشي)
(العيذابي)
(العيزري)
(العينوسي)
(الْعَيْنِيّ)
(والعيني)
(الغاني)
(الغبريني)
(الغراقي)
(الغزاوي)
(الغرناطي)
(الغزنوي)
(الْغَزِّي)
(الغزولي)
(الغماري)
(الغمري)
(الفاجوري)
(الفارسكوري)
(الفاسي)
(الفاضلي)
(الفاقوسي)
(الفاكهي)
(الفالاتي)
(الفالي)
(الفتحي)
(الفتوحي)
(الفرسيسي)
(الفرضي)
(الفرنوي)
(الْفِرْيَانِيُّ)
(الفصيحي)
(الفنري)
(الفهدي)
(الفومني)
(الفوي)
(الفيسي)
(الفيشي)
(الفيروزابادي)
(الفيومي)
(القادري)
(الْقَارِي)
(القاسمي)
(القافلي)
(القاياتي)
(القبابي)
(القباني)
(والقبطي)
(القبيباتي)
(القبيسي)
(القجطوخي)
(الْقَرَافِيّ)
(القرتاوي)
(الْقرشِي)
(الْقُرْطُبِيّ)
(القرماني)
(القرمي)
(الْقَرنِي)
(القريصاتي)
(الْقَزاز)
(القزازي)
(الْقزْوِينِي)
(والقسطلاني)
(القسنطيني)
(الْقشيرِي)
(القصاب)
(القصبي)
(القضامي)
(الْقطَّان)
(القطبي)
(القطوري)
(القفصي)
(القلاقسي)
(القلانسي)
(القلتاوي)
(القلشاني)
(القلعي)
(القلقشندي)
(القلقيلي)
(القليبي)
(القليجي)
(القمصي)
(القمني)
(الْقَمُولِيّ)
(القنبشي)
(القوصوني)
(القوصي)
(القونوي)
(القويسني)
(القيسراني)
(القيصراني)
(القيمري)
(الكازروني)
(الكبيسي)
(الكحال)
(الْكرْدِي)
(الكرستي)
(الكركي)
(الْكرْمَانِي)
(الكريدي)
(الكريمي)
(الكفرسبي)
(الكفري)
(الكفيري)
(الكلائي)
(الكلبشاوي)
(الكلستاني)
(الكلوتاتي)
(الكماخي)
(الكمالي)
(الكمشيشي)
(الْكِنَانِي)
(الكنجي)
(الكوراني)
(الكومي)
(الكيلاني)
(اللبودي)
(اللتات)
(اللجائي)
(اللجمي)
(اللحجي)
(اللدي)
(اللَّقَّانِيّ)
(اللوبياني)
(اللؤْلُؤِي)
(الماحوزي)
(المارداني)
(المارديني)
(المارستاني)
(المازوني)
(المالقي)
(الْمَالِكِي)
(الماهاني)
(الْمَاوَرْدِيّ)
(المتبولي)
(المتيجي)
(المجدلي)
(المحرقي)
(الْمحلي)
(المَخْزُومِي)
(المخلصي)
(الْمدنِي)
(الْمَدِينِيّ)
(الْمرَادِي)
(المراغي)
(المراكشي)
(الْمرْجَانِي)
(المرجوشي)
(المرجي)
(المرداوي)
(المرشدي)
(المرصفي)
(المرعشي)
(الْمَرْوِيّ)
(المريسي)
(المريني)
(المزجاجي)
(الْمزي)
(الْمسَاوِي)
(المسطيهي)
(المَسْعُودِيّ)
(الْمسلي)
(المسلاتي)
(المسوفي)
(المسيري)
(المشدالي)
(المشرقي)
(المشهدي)
(الْمصْرِيّ)
(المصيري)
(المطري)
(المظفري)
(المعيني)
(المغراوي)
(المغربي)
(الْمَقْدِسِي)
(المقريزي)
(المقسي)
(المقصاتي)
(المكراني)
(المكودي)
(المكيني)
(الْمَكِّيّ)
(الملتوتي)
(الْمَلْطِي)
(الملكاوي)
(الملوي)
(المليجي)
(المناوهلي)
(الْمَنَاوِيّ)
(الْمُنْذِرِيّ)
(المنزلي)
(المنشاوي)
(المنصوري)
(المنظراوي)
(المنفلوطي)
(المنهلي)
(المنوفي)
(الْمهْدي)
(المواهبي)
(الموسكي)
(الْمَيْدُومِيُّ)
(الْمَيْمُونِيّ)
(النابتي)
(النابلسي)
(النَّاجِي)
(النَّاسِخ)
(النَّاشِرِيّ)
(الناصري)
(النائي)
(النبراوي)
(النحريري)
(النَّحْوِيّ)
(النستراوي)
(النشائي)
(النشرتي)
(النشوي)
(النشيلي)
(النطوبسي)
(النظامي)
(النعماني)
(النعيمي)
(النفطي)
(النفيائي)
(النقاوسي)
(النمراوي)
(النهاري)
(النهياوي)
(النواجي)
(النواوي)
(النوبي)
(النَّوَوِيّ)
(النويري)
(النيربي)
(النيني)
(الهاروني)
(الْهَاشِمِي)
(الهدوي)
(الهربيطي)
(الْهَرَوِيّ)
(الهزبري)
(الْهِلَالِي)
(الهمامي)
(الهمذاني)
(الهنيدي)
(الْهوى)
(الهيتي)
(الهيثمي)
(الهيصمي)
(الوَاسِطِيّ)
(الوانوغي)
(الوجيزي)
(الْوراق)
(الورداني)
(الورغمي)
(الوروري)
(الوسطاني)
(الوسيمي)
(الونائي)
(الويشي)
(الياسوفي)
(اليافعي)
(اليبناوي)
(اليلداني)
(الْيَمَانِيّ)
(اليونيني)
(ابْن الْأَبَّار)
(ابْن اجا)
(ابْن الأحمدي)
(ابْن لِأَحْمَد الفاخوري)
(ابْن الأخصاصي)
(ابْن الأخميمي)
(ابْن الأخنائي)
(ابْن أخي التقي الحصني)
(ابْن الأدمِيّ)
(ابْن أرغون شاه)
(ابْن أَرقم)
(ابْن أزبك)
(ابْن أزبك)
(ابْن الْأَزْرَق)
(ابْن الاستادار)
(ابْن أَسد)
(ابْن اسرائيل)
(ابْن اسماعيل)
(ابْن الأسياد)
(ابْن الْأَشْرَف)
(ابْن للأشرف قايتباي)
(ابْن الْأَشْقَر)
(ابْن الْأَشْقَر)
(ابْن اصيل)
(ابْن الأطعاني)
(ابْن الأعسر)
(ابْن الْأَعْمَى)
(ابْن الأقيطع)
(ابْن امام الشيخونية)
(ابْن امام الصرغتمشية)
(ابْن إِمَام الكاملية)
(ابْن الإِمَام)
(ابْن الْأَمَانَة)
(ابْن الْأمين)
(ابْن الأميوطي)
(ابْن الأنبابي)
(ابْن الْأنْصَارِيّ)
(ابْن الأهدل)
(ابْن الأهناسي)
(ابْن الأوجاقي)
(ابْن اينال)
(ابْن أَيُّوب)
(ابْن البابا)
(ابْن الْبَارِد)
(ابْن الْبَارِزِيّ)
(ابْن البالسي)
(ابْن البانياسي)
(ابْن البحشور)
(ابْن البحلاق)
(ابْن البحيج)
(ابْن الْبَدْر)
(ابْن بدير)
(ابْن برابخ)
(ابْن الْبُرْجِي)
(ابْن بردبك)
(ابْن بردس)
(ابْن البرشكي)
(ابْن البرقي)
(ابْن بركوت)
(ابْن الْبُرْهَان)
(ابْن بَريَّة)
(ابْن بريطع)
(ابْن البساتيني)
(ابْن بِشَارَة)
(ابْن البصال)
(ابْن بطالة)
(ابْن بطيخ)
(ابْن البقري)
(ابْن بكور)
(ابْن البندقي)
(ابْن بهاء الدّين)
(ابْن بهاء)
(ابْن بهادر)
(ابْن البهلوان)
(ابْن البلاح)
(ابْن بيانة)
(ابْن بيبرس)
(ابْن بيرم)
(بن بيسق)
(ابْن البيطار)
(ابْن التَّاجِر)
(ابْن التَّاج)
(ابْن الترجمان)
(ابْن تَقِيّ الدّين)
(ابْن تَقِيّ)
(ابْن تمرية)
(ابْن التنسي)
(ابْن تَيْمِية)
(ابْن ثَابت)
(ابْن جابي السُّوق)
(ابْن الجابي)
(ابْن جاقر)
(ابْن جَانِبك)
(ابْن الجباس)
(ابْن جِبْرِيل)
(ابْن جبينة)
(ابْن أبي جَرَادَة)
(ابْن الجريش)
(ابْن الْجَزرِي)
(ابْن الجعجاع)
(ابْن جعمان)
(ابْن الجليس)
(ابْن جلال)
(ابْن جليدة)
(ابْن جمَاعَة)
(ابْن جمال الدّين)
(ابْن الْجمال)
(ابْن جناق)
(ابْن الجندي)
(ابْن جندي أمه)
(ابْن جنغل)
(ابْن جنَّة)
(ابْن جنيبات)
(ابْن الْجُنَيْد)
(ابْن الجوازة)
(ابْن الجوبان)
(ابْن جوشن)
(ابْن الْجَوْهَرِي)
(ابْن الجيعان)
(ابْن الْحَاجِب)
(ابْن الحارس)
(ابْن حَامِد)
(ابْن الحبال)
(ابْن حبيب)
(ابْن حبيلات)
(ابْن حَتَّى)
(ابْن حجاج)
(ابْن حجر)
(ابْن حجَّة)
(ابْن حجي)
(ابْن حجي)
(ابْن الحدبة)
(ابْن الحرفوش)
(ابْن حرمي)
(ابْن الحريري)
(ابْن حريز)
(ابْن الحسام)
(ابْن حسان)
(ابْن أبي الْحسن)
(ابْن الحصوني)
(ابْن الْحَطب)
(ابْن الحفار)
(ابْن الْحَكِيم)
(ابْن الحلاج)
(ابْن الْحَلَال)
(ابْن الحلاوي)
(ابْن حلف)
(ابْن حلَّة)
(ابْن حليمة)
(ابْن الْحمار)
(ابْن حمام)
(ابْن حمامة)
(ابْن الحمامي)
(ابْن الْحَمْرَاء)
(ابْن حَمْزَة)
(ابْن الحمصاني)
(ابْن الْحِمصِي)
(ابْن حميد)
(ابْن حنا)
(ابْن حنيش)
(ابْن الحنيفي)
(ابْن الحوندار)
(ابْن الحيلوك)
(ابْن الخازن)
(ابْن خَاص بك)
(ابْن خَالِد)
(ابْن الخباز)
(ابْن خبطة)
(ابْن الخدر)
(ابْن الْخَرَّاط)
(ابْن الخرزي)
(ابْن خروب)
(ابْن الخريزاتي)
(ابْن الخشاب)
(ابْن الخص)
(ابْن خضر)
(ابْن الخطائي)
(ابْن خطيب داريا)
(ابْن خطيب الدهشة)
(ابْن خطيب السَّقِيفَة)
(ابْن خطيب عذراء)
(ابْن خطيب الفخرية)
(ابْن خطيب المنصورية)
(ابْن خطيب الناصرية)
(ابْن الْخَطِيب)
(ابْن الْخَطِيب)
(ابْن الْخلال)
(ابْن الخلبوص)
(ابْن خلدون)
(ابْن خلف)
(ابْن خَليفَة)
(ابْن خَلِيل)
(ابْن الخناجري)
(ابْن خنبج)
(ابْن الْخياط)
(ابْن خير الدّين)
(ابْن خيرة)
(ابْن خير)
(ابْن دَاوُد)
(ابْن دردبة)
(ابْن دبوس)
(ابْن الدُّخان)
(ابْن درباس)
(ابْن دِرْهَم وَنصف)
(ابْن دغيم)
(ابْن الدقاق)
(ابْن دقماق)
(ابْن دلغادر)
(ابْن دليم)
(ابْن الدماميني)
(ابْن دمرداش)
(ابْن الدنيف)
(ابْن الدهانة)
(ابْن الدواليبي)
(ابْن دويم)
(ابْن الديري)
(ابْن ذَاكر)
(ابْن رَاشد)
(ابْن رحاب)
(ابْن الردادي)
(ابْن الرداد)
(ابْن ابي الرداد)
(ابْن الرزاز)
(ابْن رزين)
(ابْن الرسام)
(ابْن رسْلَان)
(ابْن الرصاص)
(ابْن الرصاع)
(ابْن رضوَان)
(ابْن أبي الرِّضَا)
(ابْن الرضى)
(ابْن الرِّفَاعِي)
(ابْن الرَّقِيق)
(ابْن الركاب)
(ابْن الرُّكْن)
(ابْن رَمَضَان)
(ابْن الرهوني)
(ابْن روبك)
(ابْن أبي الرؤوس)
(ابْن روق)
(ابْن الرُّومِي)
(ابْن رَيْحَانَة)
(ابْن الريس)
(ابْن الريعي)
(ابْن الزَّاهِد)
(ابْن زايد)
(ابْن زبالة)
(ابْن زيرق)
(ابْن زبيدة)
(بن الزردكاشي)
(ابْن زُرَيْق)
(ابْن زغدان)
(ابْن زقاعة)
(ابْن الزقرق)
(ابْن زقلم)
(ابْن زقيط)
(ابْن زلقا)
(ابْن الزَّمن)
(ابْن زنبور)
(ابْن زهرَة)
(ابْن زهرَة)
(ابْن الزويغة)
(ابْن زوين)
(ابْن الزيات)
(ابْن الزيبق)
(ابْن الزيتوني)
(ابْن زَيْت حَار)
(ابْن زيد)
(ابْن زين الدّين)
(ابْن زين)
(ابْن الزين)
(ابْن زين العابدين)
(ابْن السَّابِق)
(ابْن سارة)
(ابْن سَالم)
(ابْن السَّبع)
(أبن السدار)
(ابْن السديد)
(ابْن سعد الدّين)
(ابْن السفاح)
(ابْن سفر شاه)
(ابْن سَفَرِي)
(ابْن السفطي)
(ابْن السقا)
(ابْن السقيف)
(ابْن السكاكيني)
(ابْن السكرِي)
(ابْن سكر)
(ابْن سُلْطَان)
(ابْن السلعوس)
(ابْن سليم)
(ابْن السماك)
(ابْن السمرباي)
(ابْن سمنة)
(ابْن السميط)
(ابْن سَنَد)
(ابْن سودون)
(ابْن سولة)
(ابْن سويدان)
(ابْن سُوَيْد)
(ابْن سَلامَة)
(ابْن سَلام)
(ابْن سياج)
(ابْن السيوفي)
(ابْن شاذى)
(ابْن أبي شاذى)
(ابْن شبانة)
(ابْن شتات)
(ابْن الشحام)
(ابْن الشحرور)
(ابْن الشّحْنَة)
(ابْن الشربدار)
(ابْن شرف الدّين)
(ابْن شرف)
(ابْن الشريف)
(ابْن أبي شرِيف)
(ابْن الشطنوفي)
(ابْن شطية)
(ابْن شعْبَان)
(ابْن شعيرات)
(ابْن الشقطي)
(ابْن شكال)
(ابْن الشلقامي)
(ابْن شلنكار)
(ابْن الشماع)
(ابْن شمس)
(ابْن الشنشي)
(ابْن الشهَاب)
(ابْن شهيبة)
(ابْن شهيدة)
(ابْن أبي الشَّوَارِب)
(ابْن الشواء)
(ابْن الشيخة)
(ابْن شيخون)
(ابْن شيخ الْحرم)
(ابْن الشَّيْخ عَليّ)
(ابْن الشَّيْخ الْجَوْهَرِي)
(ابْن شيرين)
(ابْن الصَّابُونِي)
(ابْن صَالح)
(ابْن الصَّالِحِي)
(ابْن الصَّائِغ)
(ابْن الصّباغ)
(ابْن صحصاح)
(ابْن صدر الدّين)
(ابْن الصَّدْر)
(ابْن صَدَقَة)
(ابْن صَعب)
(ابْن صَغِير)
(ابْن الصَّغِير)
(ابْن أبي الصَّفَا)
(ابْن الصفي)
(ابْن الصفي)
(ابْن صفر شاه)
(ابْن الصّلاح)
(ابْن الصّلاح)
(ابْن الصلف)
(ابْن صَنِيعَة)
(ابْن الصَّواف)
(ابْن الصوة)
(ابْن الصَّيْرَفِي)
(ابْن الضَّعِيف)
(ابْن الضيا)
(ابْن طَاهِر)
(ابْن الطَّاهِر)
(ابْن الطباخ)
(ابْن الطبلاوي)
(ابْن طبيق)
(ابْن الطَّحَّان)
(ابْن طرطور)
(ابْن طريف)
(ابْن طغيتمر)
(ابْن طفيش)
(ابْن طَلْحَة)
(ابْن الطناني)
(ابْن الطواب)
(ابْن طولوبغا)
(ابْن الطولوني)
(ابْن الطَّوِيل)
(ابْن طيبغا)
(ابْن الطيوري)
(ابْن للظَّاهِر خشقدم)
(ابْن الظريف)
(ابْن ظهيرة)
(ابْن عَابِد)
(ابْن عابدة)
(ابْن عَادل)
(ابْن عَامر)
(ابْن عبَادَة)
(ابْن عَبَّاس)
(ابْن عبد الْبَارِي)
(ابْن عبد الْحق)
(ابْن عبد الحميد)
(ابْن عبد الرَّحْمَن)
(ابْن عبد الرَّحِيم)
(ابْن عبد السَّلَام)
(ابْن عبد العال)
(ابْن عبد الْعَزِيز)
(ابْن عبد الْعَظِيم)
(ابْن عبد الْغفار)
(ابْن عبد الْقَادِر)
(ابْن للسَّيِّد عبد الْقَادِر)
(ابْن عبد الْقوي)
(ابْن عبد الْكَرِيم)
(ابْن عبد اللَّطِيف)
(ابْن عبد الْمُنعم)
(ابْن عبد الْهَادِي)
(ابْن عبد الْوَاحِد)
(ابْن عبد الْوَارِث)
(ابْن عبد الْوَهَّاب)
(ابْن الْعَبْسِي)
(ابْن عبود)
(ابْن عبيد الله)
(ابْن عبيد)
(ابْن عبِّيَّة)
(ابْن العتال)
(ابْن عُثْمَان)
(ابْن الْعجل)
(ابْن العجمي)
(ابْن عجيل)
(ابْن العجيمي)
(ابْن الْعَدوي)
(ابْن العديم)
(ابْن أبي عذيبة)
(ابْن عَرَادَة)
(ابْن الْعِرَاقِيّ)
(ابْن عربشاه)
(ابْن عرب)
(ابْن عرب)
(ابْن عرعر)
(ابْن عَرَفَات)
(ابْن عَرَفَة)
(ابْن عزم)
(ابْن عزوز)
(ابْن عز الدّين)
(ابْن الْعِزّ)
(ابْن أبي الْعِزّ)
(ابْن عشائر)
(ابْن العصياتي)
(ابْن الْعَطَّار)
(ابْن عطيف)
(ابْن عَطِيَّة)
(ابْن عفيف)
(ابْن الْعقَاب)
(ابْن العقاد)
(ابْن عكاشة)
(ابْن العكم)
(ابْن علبك)
(ابْن عليبة)
(ابْن العليف)
(ابْن العليمي)
(ابْن لعَلي الشريف)
(ابْن الْعِمَاد)
(ابْن عمار)
(ابْن عمرَان)
(ابْن عمر)
(ابْن عنان)
(ابْن عواض)
(ابْن عوَانَة)
(ابْن عوجان)
(ابْن عوض)
(ابْن عون)
(ابْن عَيَّاش)
(ابْن عيد)
(ابْن عِيسَى)
(ابْن عين الغزال)
(ابْن الْعَيْنِيّ)
(ابْن غَازِي)
(ابْن غَالب)
(ابْن أبي غَالب)
(ابْن غَانِم)
(ابْن الغباري)
(ابْن غراب)
(ابْن الغرابيلي)
(ابْن الْغَرْس)
(ابْن غرلو)
(ابْن غَزوَان)
(ابْن الغمري)
(ابْن الغنام)
(ابْن الغويطي)
(ابْن فَاضل)
(ابْن الفاكهي)
(ابْن الفالاتي)
(ابْن الفاوي)
(ابْن أبي الْفَتْح)
(ابْن فَخر الْقُضَاة)
(ابْن فَخر)
(ابْن فخيرة)
(ابْن فَخير)
(ابْن الْفُرَات)
(ابْن الْفراء)
(ابْن أبي الْفرج)
(ابْن فَرِحُونَ)
(ابْن فرشتا)
(ابْن الفرعمي)
(ابْن الفرفور)
(ابْن فرو)
(ابْن فريعين)
(ابْن الفصيح)
(ابْن الفصي)
(ابْن فضل الله)
(ابْن فطيس)
(ابْن الفقاعي)
(ابْن فقوسة)
(ابْن فلفل)
(ابْن الفنري)
(ابْن فَهد)
(ابْن فلاح)
(ابْن فَيْرُوز)
(ابْن الفيسي)
(ابْن فيشا)
(ابْن قَاسم)
(ابْن قَاضِي شُهْبَة)
(ابْن قَاضِي عجلون)
(ابْن قَاضِي الْهِنْد)
(ابْن قاوان)
(ابْن قايماز)
(ابْن القباقبي)
(ابْن القبابي)
(ابْن قَتَادَة)
(ابْن قجاجق)
(ابْن قدامَة)
(ابْن قدايد)
(ابْن قديدار)
(ابْن قديد)
(ابْن الْقَرَافِيّ)
(ابْن قرايلوك)
(ابْن قرا)
(ابْن قرداح)
(ابْن قرمان)
(ابْن القرمي)
(ابْن قريبَة)
(ابْن قُرَيْش)
(ابْن قريع)
(ابْن قريميط)
(ابْن قرين)
(ابْن الْقَزاز)
(ابْن القزازي)
(ابْن الْقصاص)
(ابْن القصبي)
(ابْن القصيف)
(ابْن الْقطَّان)
(ابْن قطب الدّين)
(ابْن قطب)
(ابْن قفيف)
(ابْن قلبة)
(ابْن القلفاط)
(ابْن قلقيلة)
(ابْن قلمطاي)
(ابْن قَلِيل الْهم)
(ابْن القليوبي)
(ابْن قمامو)
(ابْن قمر الدولة)
(ابْن قمر)
(ابْن قنجي بقر)
(ابْن قندس)
(ابْن قنديل)
(ابْن قنيد)
(ابْن قوام)
(ابْن قوقب)
(ابْن القوق)
(ابْن القلاقسي)
(ابْن قلاون)
(ابْن قِيَاس)
(ابْن قَيْصر)
(ابْن قيقب)
(ابْن قيماز)
(ابْن قيم الجوزية)
(ابْن كَاتب جكم)
(ابْن كَاتب السِّرّ)
(ابْن كَاتب العليق)
(ابْن كَاتب غَرِيب)
(ابْن كَاتب المخابز)
(ابْن كَاتب الورشة)
(ابْن الْكَاتِب)
(ابْن كَامِل)
(ابْن كبن)
(ابْن الْكَبِير)
(ابْن الكتناني)
(ابْن كثير)
(ابْن كحيل)
(ابْن كراها)
(ابْن كرسون)
(ابْن الكشك)
(ابْن الكماخي)
(ابْن كميل)
(ابْن أبي كم)
(ابْن الكوار)
(ابْن الكوير)
(ابْن الكويك)
(ابْن الكيال)
(ابْن اللبان)
(ابْن اللبودي)
(ابْن اللحام)
(ابْن اللفت)
(ابْن لولو)
(ابْن مباركشاه)
(ابْن الْمبرد)
(ابْن الْمُجبر)
(ابْن المجدي)
(ابْن الْمَجْرُوح)
(ابْن محب الدّين)
(ابْن الْمُحب)
(ابْن الْمُحْتَسب)
(ابْن المحرقي)
(ابْن أخي المحروق)
(ابْن مَحْفُوظ)
(ابْن لمُحَمد بن بَرَكَات)
(ابْن لمُحَمد بن حسن)
(ابْن للشَّيْخ مُحَمَّد بن عبد الرَّحْمَن)
(ابْن المحمرة)
(ابْن مَحْمُود)
(ابْن المحوجب)
(ابْن مخاطة)
(ابْن المخلطة)
(ابْن المداح)
(ابْن المراحلي)
(ابْن المراغي)
(ابْن الْمَرْأَة)
(ابْن المرجوشي)
(ابْن المرحل)
(ابْن المرخم)
(ابْن مَرْزُوق)
(ابْن مرعي)
(ابْن الْمرة)
(ابْن مُزَاحم)
(ابْن المزلق)
(ابْن مزهر)
(ابْن المستأذن)
(ابْن مُسَدّد)
(ابْن المسدي)
(ابْن مُسلم)
(ابْن المشد)
(ابْن المشرقي)
(ابْن المشعل)
(ابْن الْمصْرِيّ)
(ابْن مصطفى)
(ابْن مصلح)
(ابْن المصلية)
(ابْن مطير)
(ابْن مُطِيع)
(ابْن المظفر)
(وَابْن المظفر)
(ابْن معالي)
(ابْن معبد)
(ابْن الْمُعْتَمد)
(ابْن الْمُعَلَّى)
(ابْن المغربل)
(ابْن المغربي)
(ابْن المغربية)
(ابْن المغلي)
(ابْن المغيربي)
(ابْن المغيزل)
(ابْن الْمفضل)
(ابْن مُفْلِح)
(ابْن مقبل)
(ابْن الْمقري)
(ابْن المقسي)
(ابْن مقلاع)
(ابْن مكانس)
(ابْن مَكْنُون)
(ابْن مَكِّيَّة)
(ابْن الملقن)
(ابْن أبي مليح)
(ابْن المنجا)
(ابْن منجك)
(ابْن مَنْصُور)
(ابْن منقار)
(ابْن منقورة)
(ابْن المنمنم)
(ابْن الْمُنِير)
(ابْن مهنا)
(ابْن المهندس)
(ابْن مُوسَى)
(ابْن موفق الدّين)
(ابْن الموقت)
(ابْن الموله)
(ابْن الميلق)
(ابْن نَاجِي)
(ابْن النَّاسِخ)
(ابْن نَاصِر الدّين)
(ابْن نَبهَان)
(ابْن النبيه)
(ابْن النجار)
(ابْن النَّجْم)
(ابْن النّحاس)
(ابْن نديبة)
(ابْن النُّسْخَة)
(ابْن نسيبة)
(ابْن النشاشيبي)
(ابْن النصار)
(ابْن نصر الله)
(ابْن النصيبي)
(ابْن النظام)
(ابْن النقاش)
(ابْن النَّقِيب)
(ابْن نقيب الْأَشْرَاف)
(ابْن نور الدّين)
(ابْن النويري)
(ابْن النيدي)
(ابْن هَاشم)
(بن الهائم)
(ابْن هِشَام)
(ابْن الْهمام)
(ابْن همام)
(ابْن أبي الهول)
(ابْن هِلَال)
(ابْن الهليس)
(ابْن الهيصم)
(ابْن وَالِي الْحجر)
(ابْن الْوَجِيه)
(ابْن وريور)
(ابْن وفا)
(ابْن أبي الوفا)
(ابْن وَكيل السُّلْطَان)
(ابْن ولي الدّين)
(ابْن وهيب)
(ابْن ياسين)
(ابْن يحيى)
(ابْن أبي يزِيد)
(ابْن يَعْقُوب)
(ابْن يفتح الله)
(ابْن أبي الْيمن)
(ابْن يُوسُف)
(ابْن يُوشَع)
(ابْن يُونُس)
(ابْن ابْنة الملكي)
(ولد ابْن الرَّقِيق)
(ابْن أخي جمال الدّين)
(ابْن أخي الشَّاعِر)
(ابْن أُخْت للأشرف قايتباي)
(ابْن أُخْت الْجمال ابْن البحشور)
(ابْن أُخْت زَوْجَة الفيسي)
(ابْن بنت العاملي)
(ابْن بنت الفيسي)
(ابْن بنت الملكي)
(أَخُو حُذَيْفَة)
(أَخُو سوار)
(اخو الشريف عَليّ الْكرْدِي)
(اخوا لشيخ مَنْصُور الْكرْمَانِي)
(أَخُو الصّلاح خَلِيل)
(اخو عبد الْقَادِر بن شعْبَان)
(أَخُو النُّور بن قريبَة الْمحلي)
(اخو الْقزْوِينِي نقيب الْحَنَفِيّ)
(فصل)
(عبد السخاوي)
(صديق ابْن الطياري)
(فصل)
(نَائِب لحماة)
(نَائِب لطرابلس)
(رجل أعجمي)
(آسِيَة)
(آسِيَة)
(آسِيَة)
(آسِيَة)
(آسِيَة)
(آسِيَة)
(آسِيَة)
(آسِيَة)
(آمِنَة)
(آمِنَة)
(آمِنَة)
(آمِنَة)
(آمِنَة)
(آمِنَة)
(آمِنَة)
(آمِنَة)
(آمِنَة)
(آمِنَة)
(آمِنَة)
(آمِنَة)
(آمِنَة)
(آمِنَة)
(آمِنَة)
(آمِنَة)
(أبرك)
(أردباى)
(أرطو)
(أزدان)
(أَسمَاء)
(أَسمَاء)
(أَسمَاء)
(أَسمَاء)
(أَسمَاء)
(أَسمَاء)
(أصيلة)
(أصيل)
(أطلس)
(إقليم شاه)
(إقليم)
(ألف)
(ألف)
(ألف)
(ألف)
(ألف)
(ألف)
(أمة الْجَبَّار)
(أمة الْخَالِق)
(أمة الْخَالِق)
(أمة الْعَزِيز)
(أمة الْعَزِيز)
(أمة الْعَزِيز)
(أمة القاهر)
(أمة الْكَرِيم)
(أمة اللَّطِيف)
(أمة الله)
(أمة الله)
(أمة الْوَاحِد)
(أنس)
(انعام الْجَلِيل)
(اي ملك)
(اى ملك)
(باى خاتون)
(بدرية)
(بدور)
(بدور)
(بديعة)
(بركَة)
(بركَة)
(بركَة)
(بركَة)
(بركَة)
(بركَة)
(بركَة)
(بَغْدَاد)
(بلغ المنى)
(بلقيس)
(بلقيس)
(بلقيس)
(بلقيس)
(بلقيس)
(بلقيس)
(بلقيس)
(بيبى راحات)
{بيبى شاه)
(بيرم)
(بيرم)
(تتر)
(تتر)
(تتر)
(تجار)
(تجار)
(تفاحة)
(تفاحة)
(تقية)
(تندو)
(توفيق ابْنة أَحْمد بن جَار الله بن زَائِد ذكرت فِي عينا
 (توفيق)
(توفيق)
(تيتي)
(جَان خاتون)
(جلبان)
(جنَّة)
(تِلْكَ الْجنَّة الَّتِي نورث من
 


عبادنَا من كَانَ تقيا)
(جنَّة)
(جِهَة طي)
(جَوْهَرَة)
(جَوْهَرَة)
(جَوْهَرَة)
(جَوْهَرَة)
(جوَيْرِية)
(جُورِيَةُ)
(جوَيْرِية)
(جوَيْرِية)
(حَاج ملك)
(حَاج ملك)
(حَبِيبَة الله)
(حَبِيبَة)
(حَبِيبَة)
(حرز الامان)
(حزيمة)
(حسناء)
(حَسَنَة)
(حسن)
(حسيبة)
(حَفْصَة)
(حَفْصَة)
(حَفْصَة)
(حَفْصَة)
(حَفْصَة)
(حَفْصَة)
(حكيمة)
(حلَّة)
(حليمة)
(حليمة)
(حليمة)
(حليمة)
(حليمة)
(حليمة)
(حليمة)
(حليمة)
(حنيفَة)
(حنيفَة)
(حنيفَة)
(حَوَّاء)
(حوراء)
(حورية)
(خاتون)
(خاتون)
(خاتون)
(خَاص)
(خَدِيجَة)
(خَدِيجَة)
(خَدِيجَة)
(خَدِيجَة)
(خَدِيجَة)
(خَدِيجَة)
(خَدِيجَة)
(خَدِيجَة)
(خَدِيجَة)
(خَدِيجَة)
(خَدِيجَة)
(خَدِيجَة)
(خَدِيجَة)
(خَدِيجَة)
(خَدِيجَة)
(خَدِيجَة)
((زد غبا تَزْدَدْ حبا)
(خَدِيجَة)
(خَدِيجَة)
(خَدِيجَة)
(خَدِيجَة)
(خَدِيجَة)
(خَدِيجَة)
(خَدِيجَة)
(خَدِيجَة)
(خَدِيجَة)
(خَدِيجَة)
(خَدِيجَة)
(خَدِيجَة)
(خَدِيجَة)
(خَدِيجَة)
(خَدِيجَة)
(خَدِيجَة)
(خَدِيجَة)
(خَدِيجَة)
(خَدِيجَة)
(خَدِيجَة)
(خَدِيجَة)
(خَدِيجَة)
(خَدِيجَة)
(خَدِيجَة)
(خَدِيجَة)
(خَدِيجَة)
(خَدِيجَة)
(خَدِيجَة)
(خَدِيجَة)
(خَدِيجَة)
(خَدِيجَة)
(خَدِيجَة)
(خَدِيجَة)
(خَدِيجَة)
(خَدِيجَة)
(خَدِيجَة)
(خَدِيجَة)
(خَدِيجَة)
(خَدِيجَة)
(خَدِيجَة)
(خَدِيجَة)
(خَدِيجَة)
(خَدِيجَة)
(خَدِيجَة)
(خَدِيجَة)
(دكيكة)
(دولات باي)
(ذابل)
(رابحة)
(رَابِعَة)
(رَابِعَة)
(رَابِعَة)
(رَجَب)
(رَحْمَة)
(رَحْمَة)
(رقية)
(رقية)
(رقية)
(رقية)
(رقية)
(رقية)
(رقية)
(رقية)
(رقية)
(رقية)
(رقية)
(ريا)
(رئيسة)
(زَاده خوندشاه)
(زَاد الْخَيْر)
(زاهرة)
(زبيدة)
(زبيدة)
(زبيدة)
(زليخا)
(زهراء)
(زهور)
(زيلعة)
(زيلعة)
(زيلعة)
(زَيْنَب)
(زَيْنَب)
(زَيْنَب)
(زَيْنَب)
(زَيْنَب)
(زَيْنَب)
(زَيْنَب)
(زَيْنَب)
(زَيْنَب)
(زَيْنَب)
(زَيْنَب)
(زَيْنَب)
(زَيْنَب)
(زَيْنَب)
(زَيْنَب)
(زَيْنَب)
(زَيْنَب)
(زَيْنَب)
(زَيْنَب)
(زَيْنَب)
(زَيْنَب)
(زَيْنَب)
(زَيْنَب)
(زَيْنَب)
(زَيْنَب)
(زَيْنَب)
(زَيْنَب)
(زَيْنَب)
(زَيْنَب)
(زَيْنَب)
(زَيْنَب)
(زَيْنَب)
(زَيْنَب)
(زَيْنَب)
(زَيْنَب)
(زَيْنَب)
(زَيْنَب)
(زَيْنَب)
(زَيْنَب)
(زَيْنَب)
(زَيْنَب)
(زَيْنَب)
(زَيْنَب)
(زَيْنَب)
(زَيْنَب)
(زَيْنَب)
(زَيْنَب)
(زَيْنَب)
(زَيْنَب)
(زَيْنَب)
(زَيْنَب)
(زَيْنَب)
(زَيْنَب)
(زَيْنَب)
(زَيْنَب)
(زَيْنَب)
(زَيْنَب)
(زَيْنَب)
(زَيْنَب)
(زَيْنَب)
(زَيْنَب)
(زَيْنَب)
(زَيْنَب)
(زَيْنَب)
(زَيْنَب)
(زَيْنَب)
(زَيْنَب)
(زَيْنَب)
(زَيْنَب)
(زَيْنَب)
(زَيْنَب)
(زَيْنَب)
(زَيْنَب)
(زَيْنَب)
(زَيْنَب)
(زَيْنَب)
(زَيْنَب)
(زَيْنَب)
(زَيْنَب)
(زَيْنَب)
(زِينَة)
(زين خاتون)
(سادة)
(سارة)
(سارة)
(سارة)
(سارة)
(سارة)
(سارة)
(سارة)
(سارة)
(سارة)
(سارة)
(سارة)
(سِتّ الاهل)
(سِتّ الاهل)
(سِتّ الْأَهْل)
(سِتّ الْأَهْل)
(سِتّ الْأَهْل)
(سِتّ بنى هَاشم)
(سِتّ التُّجَّار)
(سِتّ التُّجَّار)
(سِتّ التقى)
(سِتّ الْجَمِيع)
(سِتّ الْجَمِيع)
(سِتّ الْجَمِيع)
(سِتّ الْجَمِيع)
(سِتّ الْجَمِيع)
(سِتّ الْجَمِيع)
(سِتّ الخطباء)
(سِتّ الْخُلَفَاء)
(سِتّ الشَّام)
(سِتّ الشّرف)
(سِتّ الْعرَاق)
(سِتّ الْعَرَب)
(سِتّ الْعَرَب)
(سِتّ العمائم)
(سِتّ الْعِيدَيْنِ)
(سِتّ الْعَيْش)
(سِتّ قُرَيْش)
(سِتّ قُرَيْش)
(سِتّ قُرَيْش)
(سِتّ قُرَيْش)
(سِتّ قُرَيْش)
(سِتّ قُرَيْش)
(سِتّ قُرَيْش)
(سِتّ قُرَيْش)
(سِتّ قُرَيْش)
(سِتّ الْقُضَاة)
(سِتّ الْقُضَاة)
(سِتّ الْقُضَاة)
(سِتّ الْقُضَاة)
(سِتّ الْقُضَاة)
(سِتّ الْقُضَاة)
(سِتّ الْكَرم)
(سِتّ الْكل)
(سِتّ الْكل)
(سِتّ الْكل)
(سِتّ الْكل)
(سِتّ الْكل)
(فَاطِمَة)
(سِتّ الْكل)
(سِتّ الْكل)
(سِتّ الْمُلُوك)
(سِتّ من يَرَاهَا)
(السِّت نعْمَة)
(سِتّ الوزراء)
(ستيتة)
(ستيتة)
(ستيتة)
(ستيتة)
(ستيتة)
(ستيتة)
(ستيتة)
(ستيتة)
(ستيتة)
(ستيتة)
(ستيتة)
(ستيتة)
(ستيتة)
(ستيتة)
(ستيت)
(ستيت)
(ستيت)
(ستيت)
(ستيت)
(ستيت)
(ستيت)
(ستيت)
(ستيت)
(ستيت)
(ستيت)
(ستيت)
(ستيت)
(ستيت)
(ستيت)
(ستيت)
(ستيت)
(ستيت)
(السِّت نعْمَة)
(سعادات)
(سعادات)
(سعادات)
(سعادات)
(سعادات)
(سعادات)
(سعادات)
(سَعَادَة)
(سَعَادَة)
(سَعَادَة)
(سَعَادَة)
(سَعَادَة)
(سَعَادَة)
(سَعَادَة)
(سَعَادَة)
(سَعَادَة)
(سَعَادَة)
(سَعَادَة)
(سَعَادَة)
(سَعَادَة)
(سَعَادَة)
(سَعَادَة)
(سَعَادَة)
(سَعَادَة)
(سعاد)
(سعاد)
(سعاد)
(سعدانة)
(سعدانة)
(سعيدة)
(سعيدة)
(سعيدة)
(سعيدة)
(سعيدة)
(سعيدة)
(سعيدة)
(سعيدة)
(سعيدة)
(سعيدة)
(سَلامَة)
(سَلامَة)
(سَلمَة)
(سلمى)
(سمراء)
(سَوْدَة)
(سورباى)
(سَوَّلَ)
(سوملك)
(شاذنة)
(شبيثة)
(شرفية)
(شريفة)
(شعثاء)
(شقراء)
(شقراء)
(شقراء)
(شقراء)
(شقراء)
(شقراء)
(شقراء)
(شكرباى)
(شمامة)
(شمس الْمُلُوك)
(شمسية)
(شمسية)
(شمسية)
(شمسية)
(شمسية)
(شمسية)
(شهدة)
(شيرين)
(صَالِحَة)
(صَالِحَة)
(صَالِحَة)
(صَالِحَة)
(صَالِحَة)
(صَفِيَّة)
(صَفِيَّة)
(صَفِيَّة)
(صَفِيَّة)
(صَفِيَّة)
(صَفِيَّة)
(صَفِيَّة)
(صَفِيَّة)
(ضوء الصَّباح)
(ضيفة)
(ططر)
(ططر)
(ظريفا)
(عايدة)
(عابدة)
(عابدة)
(عاض الْكَرِيم)
{عاض الْكَرِيم)
(عَائِشَة)
(عَائِشَة)
(عَائِشَة)
(عَائِشَة)
(عَائِشَة)
(عَائِشَة)
(عَائِشَة)
(عَائِشَة)
(عَائِشَة)
(عَائِشَة)
(عَائِشَة)
{عَائِشَة)
(عَائِشَة)
(عَائِشَة)
(عَائِشَة)
(عَائِشَة)
(عَائِشَة)
(عَائِشَة)
(عَائِشَة)
(عَائِشَة)
(عَائِشَة)
(عَائِشَة)
(عَائِشَة)
(عَائِشَة)
(عَائِشَة)
(عَائِشَة)
(عَائِشَة)
(عَائِشَة)
(عَائِشَة)
(عَائِشَة)
(عَائِشَة)
(عَائِشَة)
(عَائِشَة)
(عَائِشَة)
(عَائِشَة)
(عَائِشَة)
(عَائِشَة)
(عَائِشَة)
(عَائِشَة)
(عَائِشَة)
(عَائِشَة)
(عَائِشَة)
(عَائِشَة)
(عَائِشَة)
(عَائِشَة)
(عَائِشَة)
(عَائِشَة)
(عَائِشَة)
(عَائِشَة)
(عَائِشَة)
(عَائِشَة)
(عَائِشَة)
(عَائِشَة)
(عَائِشَة)
(عَائِشَة)
(عَائِشَة)
(عَائِشَة)
(عَائِشَة)
(عَائِشَة)
(عَائِشَة)
(عَائِشَة)
(عزيزة)
(عزيزة)
(عزيزة)
(عزيزة)
(عزيزة)
(عزيزة)
(عزيزة)
(عزيزة)
(عصمَة)
(عفيفة)
(علا)
(علما)
(علما)
(علما)
(عُلَمَاء)
(علما)
(علما)
(علما)
(عمائم)
(عمائم)
(عمائم)
(عنقاء)
(عيناء)
(غَالِيَة)
(غَالِيَة)
(غَالِيَة)
(غزال)
(غزال)
(غصون)
(فَاخِتَة)
(فَاطِمَة)
(فَاطِمَة)
(فَاطِمَة)
(فَاطِمَة)
(فَاطِمَة)
(فَاطِمَة)
(فَاطِمَة)
(فَاطِمَة)
(فَاطِمَة)
(فَاطِمَة)
(فَاطِمَة)
(فَاطِمَة)
(فَاطِمَة)
(فَاطِمَة)
(فَاطِمَة)
(فَاطِمَة)
(فَاطِمَة)
(فَاطِمَة)
(فَاطِمَة)
(فَاطِمَة)
(فَاطِمَة)
(فَاطِمَة)
(فَاطِمَة)
(فَاطِمَة)
(فَاطِمَة)
(فَاطِمَة)
(فَاطِمَة)
(فَاطِمَة)
(فَاطِمَة)
(فَاطِمَة)
(فَاطِمَة)
(فَاطِمَة)
(فَاطِمَة)
(فَاطِمَة)
(فَاطِمَة)
(فَاطِمَة)
(فَاطِمَة)
(فَاطِمَة)
(فَاطِمَة)
(فَاطِمَة)
(فَاطِمَة)
(فَاطِمَة)
(فَاطِمَة)
(فَاطِمَة)
(فَاطِمَة)
(فَاطِمَة)
(فَاطِمَة)
(فَاطِمَة)
(فَاطِمَة)
(فَاطِمَة)
(فَاطِمَة)
(فَاطِمَة)
(فَاطِمَة)
(فَاطِمَة)
(فَاطِمَة)
(فَاطِمَة)
(فَاطِمَة)
(فَاطِمَة)
(فَاطِمَة)
(فَاطِمَة)
(فَاطِمَة)
(فَاطِمَة)
(فَاطِمَة)
(فَاطِمَة)
(فَاطِمَة)
(فَاطِمَة)
(فَاطِمَة)
(فَاطِمَة)
(فَاطِمَة)
(فَاطِمَة)
(فَاطِمَة)
(فَاطِمَة)
(فَاطِمَة)
(فَاطِمَة)
(فَاطِمَة)
(فَاطِمَة)
(فَاطِمَة)
(فَاطِمَة)
(فَاطِمَة)
(فَاطِمَة)
(فَاطِمَة)
(فَاطِمَة)
(فَاطِمَة)
(فَاطِمَة)
(فَاطِمَة)
(فَاطِمَة)
(فَاطِمَة)
(فَاطِمَة)
(فَاطِمَة)
(فَاطِمَة)
(فَاطِمَة)
(فَاطِمَة)
(فَاطِمَة)
(فَاطِمَة)
(فَاطِمَة)
(فَاطِمَة)
(فَاطِمَة)
(فَاطِمَة)
(فَاطِمَة)
(فَاطِمَة)
(فَاطِمَة)
(فَاطِمَة)
(فَاطِمَة)
(فَاطِمَة)
(فَاطِمَة)
(فَاطِمَة)
(فَاطِمَة)
(فَاطِمَة)
(فَاطِمَة)
(فَاطِمَة)
(فَاطِمَة)
(فَاطِمَة)
(فَاطِمَة)
(فَاطِمَة)
(فَاطِمَة)
(فَاطِمَة)
(فَاطِمَة)
(فَاطِمَة)
(فَاطِمَة)
(فَاطِمَة)
(فَاطِمَة)
(فَاطِمَة)
(فَاطِمَة)
(فَاطِمَة)
(فَاطِمَة)
(فَاطِمَة)
(فَاطِمَة)
(فَاطِمَة)
(فَاطِمَة)
(فَاطِمَة)
(فَاطِمَة)
(فَاطِمَة)
(فَاطِمَة)
(فَاطِمَة)
(فَاطِمَة)
(فَاطِمَة)
(فَاطِمَة)
(فَاطِمَة)
(فَاطِمَة)
(فَاطِمَة)
(فَاطِمَة)
(فَاطِمَة)
(فَاطِمَة)
(فَاطِمَة)
(فَاطِمَة)
(فَاطِمَة)
(فَاطِمَة)
(فَاطِمَة)
(فَاطِمَة)
(فَاطِمَة)
(فَاطِمَة)
(فَاطِمَة)
(فَاطِمَة)
(فَاطِمَة)
(فَاطِمَة)
(فَاطِمَة)
(فَاطِمَة)
(فَاطِمَة)
(فَاطِمَة)
(فَاطِمَة)
(فَاطِمَة)
(فَاطِمَة)
((من هم بحسنة فَلم يعملها كتبت لَهُ)
((مَا من أحد من النَّاس يصاب ببلاء فِي جسده الا أَمر الله عز وَجل الْمَلَائِكَة الَّذين يَحْفَظُونَهُ بِكِتَاب مَا كَانَ يعْمل من خير فِي كل يَوْم وَلَيْلَة لَهُ مَا دَامَ محبوسة بوثاقه)
((اذا مرض العَبْد أَو سَافر كتب لَهُ مَا كَانَ يعْمل مُقيما صَحِيحا)
(فَاطِمَة)
(فَاطِمَة)
(فَاطِمَة)
(فَاطِمَة)
(فَاطِمَة)
(فَاطِمَة)
(فَاطِمَة)
(فَاطِمَة)
(فَاطِمَة)
(فَاطِمَة)
(فَاطِمَة)
(فَاطِمَة)
(فَاطِمَة)
(فَاطِمَة)
(فَاطِمَة)
(فَاطِمَة)
(فَائِدَة)
(فَرح)
(فرج)
(فرج)
(فرج)
(فرج)
(فرج)
(فرج)
(فرحة)
(فريعة)
(فريعة)
(فضل الْعَزِيز)
(فُقَهَاء)
(فوز)
(قانقز)
(قُرَّة الْعين)
(قطر الندى)
(قطلومك)
(قفجق)
(قندولة)
(قندولة)
(قنقباى)
(كاذية)
(كَافِيَة)
(كحلا)
(كراى)
(كزل)
(كلثم)
(كُلْثُوم)
(كُلْثُوم)
(كمالية)
(كمالية)
(كمالية)
(كمالية)
(كمالية)
(كمالية)
(كمالية)
(كمالية)
(كمالية)
(كمالية)
(كمالية)
(كمالية)
(كمالية)
(كمالية)
(كمالية)
(كمالية)
(كمالية)
(كمالية)
(كمالية)
(كمالية)
(كمالية)
(كمالية)
(كمالية)
(كمالية)
(كمالية)
(كمالية)
(كمالية)
(كمالية)
(كَوْكَب)
(لَطِيفَة)
(لَطِيفَة)
(لمياء)
(ليلى)
(ليلى)
(مباركة)
(مباركة)
(مباركة)
(مباركة)
(مَتى)
(مجيبة)
(مرْحَبًا)
(مرْحَبًا)
(مَرْيَم)
(مَرْيَم)
(مَرْيَم)
(مَرْيَم)
(مَرْيَم)
(مَرْيَم)
(مَرْيَم)
(مَرْيَم)
(مَرْيَم)
(مَرْيَم)
(مَرْيَم)
(مَرْيَم)
(مَرْيَم)
(مَرْيَم)
(مِصْبَاح)
(مِصْبَاح)
(مِصْبَاح)
(مِصْبَاح)
(مِصْبَاح)
(مغل)
(مغل)
(مَكِّيَّة)
(مَكِّيَّة)
{ملاح)
(ملكباى)
(ملكة)
(منصورة)
(منصورة)
(منصورة)
(منصورة)
(منصورة)
(مهجا)
(مهجا)
(موزة)
(موفقية)
(مؤنسة خاتون)
(مي)
(نافشة)
(نجلة)
(نسيم)
(نسيم)
(نشوان)
(نصيرة)
(نعْمَة)
(نعيمة)
(نفيسة)
(نفيسة)
(نور الصَّباح)
(نور الصَّباح)
(نور الصَّباح)
(نور الصَّباح)
(هَاجر)
(هَاجر)
(هَاجر)
(هَاجر)
(هَاجر)
(هَاجر)
(هَدِيَّة)
(هَدِيَّة)
(هَدِيَّة)
(هَدِيَّة)
(هندة)
(وردشاه)
(وزراء)
(وزيرة)
(يهب الله)
(أم أَبِيهَا)
(أم أبي السُّعُود)
(أم أَحْمد)
(أم أَحْمد)
(أم أصيل)
(أم الْأمان)
(أم الْأمان)
(أم الامان)
(ام الامان)
(ام الْبَنِينَ)
(أم تَاج الدّين)
(أم الجمالي)
(أم حَبِيبَة)
(أم حَبِيبَة)
(أم حَبِيبَة)
(أم حَبِيبَة)
(أم الحسان)
(أم الْحسن)
(أم الْحسن)
(ام الْحسن)
(أم الْحسن)
(أم الْحسن)
(أم الْحسن)
(ام الْحسن)
(أم الْحسن)
(أم الْحسن)
(أم الْحسن)
(أم الْحسن)
(أم الْحسن)
(أم الْحسن)
(أم الْحسن)
(أم الْحسن)
(أم الْحسن)
(أم الْحسن)
(أم الْحسن)
(أم الْحسن)
(أم الْحسن)
(أم الْحسن)
(أم الْحسن)
(أم الْحسن)
(أم الْحسن)
(أم الْحُسَيْن)
(أم الْحُسَيْن)
(أم الْحُسَيْن)
(أم الْحُسَيْن)
(أم الْحُسَيْن)
(أم الْحُسَيْن)
(أم الْحُسَيْن)
(أم الْحُسَيْن)
(أم الْحُسَيْن)
(أم الْحُسَيْن)
(أم الْحُسَيْن)
(أم الْحُسَيْن)
(أم الْحُسَيْن)
(أم الْحُسَيْن)
(أم الْحُسَيْن)
(أم الْحُسَيْن)
(أم الْحُسَيْن)
(أم الْحُسَيْن)
(أم الْحُسَيْن)
(أم الْحُسَيْن)
(أم الْحُسَيْن)
(أم الْحُسَيْن)
(أم الْحُسَيْن)
(أم الْحُسَيْن)
(أم الْحُسَيْن)
(أم الْحُسَيْن)
(أم الْحُسَيْن)
(أم الْحُسَيْن)
(أم الْحُسَيْن)
(أم الْحُسَيْن)
(أم الْحُسَيْن)
(أم الْحُسَيْن)
(أم الْحُسَيْن)
(أم الْحُسَيْن)
(أم الْحُسَيْن)
(أم الْحُسَيْن)
(أم الْحُسَيْن)
(أم الْحُسَيْن)
(أم الْحُسَيْن)
(أم الْخَيْر)
{أم الْخَيْر)
(أم الْخَيْر)
(أم الْخَيْر)
(أم الْخَيْر)
(أم الْخَيْر)
(أم الْخَيْر)
(أم الْخَيْر)
(أم الْخَيْر)
(أم الْخَيْر)
(أم الْخَيْر)
(أم الْخَيْر)
(أم الْخَيْر)
(أم الْخَيْر)
(أم الْخَيْر)
(أم الْخَيْر)
(أم الْخَيْر)
(أم الْخَيْر)
(أم الْخَيْر)
(أم الْخَيْر)
(أم الْخَيْر)
(أم الْخَيْر)
(أم الْخَيْر)
(أم دلال)
(أم رَاجِح)
(أم ريم)
(ام زين العابدين)
(أم السعد)
(أم السُّعُود)
(أم سَلمَة)
(أم سُلَيْمَان)
(أم شهَاب الدّين)
(أم صَالح)
(أم الصَّفَا)
(أم عبد الْبر)
(أم عبد الْعَزِيز)
(أم عَرَفَة)
(أم عمر)
(أم عِيسَى)
(أم الْغَيْث)
(أم الْفضل)
(أم الْفضل)
(أم الْقسم)
(أم الْكَامِل)
(أم الْكَامِل)
(أم الْكَامِل)
(أم الْكَامِل)
(أم الْكَامِل)
(أم الْكِرَام)
(أم الْكِرَام)
(أم كُلْثُوم)
(أم كُلْثُوم)
(أم كُلْثُوم)
(أم كُلْثُوم)
(أم كُلْثُوم)
(أم كُلْثُوم)
(أم كُلْثُوم)
(أم كُلْثُوم)
(أم كُلْثُوم)
(أم كُلْثُوم)
(أم كُلْثُوم)
(أم كُلْثُوم)
(أم كُلْثُوم)
(أم كُلْثُوم)
(أم كُلْثُوم)
(أم كُلْثُوم)
(أم كُلْثُوم)
(أم كُلْثُوم)
(أم كُلْثُوم)
(أم كُلْثُوم)
(أم كُلْثُوم)
(أم كُلْثُوم)
(أم كُلْثُوم)
(أم كُلْثُوم)
(أم كُلْثُوم)
(أم كُلْثُوم)
(أم كُلْثُوم)
(أم كُلْثُوم)
(أم كَمَال)
(أم كَمَال)
(أم كَمَال)
(أم كَمَال)
(أم كَمَال)
(أم كَمَال)
(أم كَمَال)
(أم كَمَال)
(أم كَمَال)
(أم كَمَال)
(أم كَمَال)
(أم كَمَال)
(أم كَمَال)
(أم مُحَمَّد)
(أم مُحَمَّد)
(أم المسعود)
(أم المسعود)
(أم المسعود)
(أم المسعود)
(أم المسعود)
(أم مصلح)
(أم الْمُلُوك)
(أم مَنْصُور)
(أم نجم الدّين)
(أم هَانِئ)
(أم هَانِئ)
(أم هَانِئ)
(أم هَانِئ)
(أم هَانِئ)
(أم هَانِئ)
(أم هَانِئ)
(أم هَانِئ)
(أم هَانِئ)
(أم هَانِئ)
(أم هَانِئ)
(أم هَانِئ)
(أم هَانِئ)
(أم هَانِئ)
(أم هَانِئ)
(أم هَانِئ)
(أم هَانِئ)
(أم هَانِئ)
(أم هَانِئ)
(أم هَانِئ)
(أم هَانِئ)
(أم هَانِئ)
(أَمن هَانِئ)
(أم الْهدى)
(أم الْهدى)
(أم الْهدى)
(أم الْهدى)
(أم الْهدى)
(أم الْهدى)
(أم الْهدى)
(أم الْهدى)
(أم الْهدى)
(أم الوفا)
(أم الوفا)
(أم الوفا)
(أم الوفا)
(أم الوفا)
(أم الوفا)
(أم الولوي)
(أم يحيى)
(أم يحيى)
(ابْنة ابرك)
(ابْنة الْمُؤَيد أَحْمد)
(ابْنة أُخْرَى للمؤيد أَحْمد)
(ابْنة أُخْرَى للمؤيد أَحْمد)
(ابْنة احْمَد)
(ابْنة إِسْمَاعِيل)
(ابْنة لأمير حَاج)
(ابْنة للزيني أبي بكر)
(ابْنة للخطيب أبي بكر)
(ابْنة للبدر السمرباى)
(ابْنة تريكي الْأَزْرَق)
(ابْنة للتقي اليونيني)
(ابْنة لظَاهِر جقمق)
(ابْنة أُخْرَى للظَّاهِر جقمق)
(ابْنة حُسَيْن)
(ابْنة سُلَيْمَان)
(ابْنة سَيِّدي)
(ابْنة شميلة)
(ابْنة الشهَاب المتبولي)
(ابْنة للمؤيد شيخ)
(ابْنة أُخْرَى للمؤيد شيخ)
(ابْنة للزيني عبد الباسط)
(ابْنة للعز عبد الْعَزِيز)
(ابْنة عبد الْقَادِر)
(ابْنة العريس)
(ابْنة عَطِيَّة)
(ابْنة عنان)
(ابْنة النَّاصِر فرج)
(ابْنة أُخْرَى للناصر فرج)
(ابْنة قرقماس)
(ابْنة قلماطي)
(ابْنة مَحْفُوظ)
(ابْنة الشَّيْخ مُحَمَّد)
(ابْنة القَاضِي فتح الدّين)
(ابْنة لكَاتبه مُحَمَّد)
(ابْنة الشَّمْس مُحَمَّد)
(ابْنة الشَّمْس مُحَمَّد)
(ابْنة نَاصِر الدّين مُحَمَّد)
(ابْنة النَّاصِر مُحَمَّد)
(ابْنة القَاضِي نَاصِر الدّين مُحَمَّد)
(ابْنة أبي الْفضل بن قطارة)
(ابْنة للخليفة المستكفي بِاللَّه)
(ابْنة للملكي)
(ابْنة نحيله)
(ابْنة أُخْت للأشرف)
(ابْنة خَالَة أبي الْفَتْح)
(أُخْت لأمير الْمُؤمنِينَ)
(أُخْت للأشرف)
(أُخْت لقانصوه)
(أُخْت ابْن الزيَادي)
(أم أبي بكر)
(أم الشهَاب)
(أم الصّلاح)
(أم عبد الْعَزِيز)
(أم عبد الْقَادِر)
(أم الْعَلَاء)
(أم أبي الْفضل)
(أم الْكَمَال)
(وَالِدَة أَحْمد)
(وَالِدَة الخواجا)
(وَالِدَة برهَان الدّين)
(وَالِدَة زين العابدين)
(وَالِده عمر الشيبي)
(وَالِدَة القَاضِي جمال الدّين)
(جدة الزيني)
(زَوْجَة الْجمال ابراهيم)
(زَوْجَة (أزدمر)
(زَوْجَة الْأَشْرَف إِسْمَاعِيل)
(زَوْجَة إِسْمَاعِيل)
(زَوْجَة الْأَمِير برسباي)
(زَوْجَة الْبونِي)
(زَوْجَة الْجلَال الْبكْرِيّ)
(زَوْجَة الْجمال الظَّاهِرِيّ)
(زَوْجَة الشَّمْس العذول)
(زَوْجَة عبد الرَّزَّاق)
(زَوْجَة عبد الْكَرِيم)
(زَوْجَة عَلان)
(زَوْجَة عَليّ الدقاق)
(زَوْجَة فَخر الغمري)
(زَوْجَة قانباي)
(زَوْجَة الْبَدْر مُحَمَّد)
(زَوْجَة مُحَمَّد الطلخاوي)
(مُسْتَوْلدَة حبشية)
(مُسْتَوْلدَة للحنبلي)
(مُسْتَوْلدَة يحيى)
(مُسْتَوْلدَة الفخري)
(عمَّة التَّاج المقسى)
(خوند البارزية)
(خوند الخاصكية)
(المطرية)
