(مُقَدّمَة الْكتاب)

(بِسم الله الرَّحْمَن الرَّحِيم)

(حرف الْألف)

ذكر الأحمدين

(ذكر من اسْمه إِدْرِيس إِلَى انْتِهَاء حرف الْألف)

 الْجُزْء 

(المجلد الثَّانِي)

(الْجُزْء الثَّالِث)

(بِسم الله الرَّحْمَن الرَّحِيم)

(حرف الْبَاء الْمُوَحدَة)

(من اسْمه بدر)

(من اسْمه بردبك)

(من اسْمه برسباي)

(من اسْمه بَرَكَات)

(حرف التَّاء الْمُثَنَّاة)

(من اسْمه تغري بردى)

(حرف الثَّاء الْمُثَلَّثَة)

(حرف الْجِيم)

(حرف الْحَاء الْمُهْملَة)

(من اسْمه حسن)

(من اسْمه حُسَيْن)

(من اسْمه حَمْزَة)

(حرف الْخَاء الْمُعْجَمَة)

(من اسْمه خَالِد)

(حرف الدَّال الْمُهْملَة)

(حرف الذَّال الْمُعْجَمَة)

(حرف الرَّاء الْمُهْملَة)

(حرف الزَّاي المنقوطة)

(حرف السِّين الْمُهْملَة)

(ذكر من اسْمه سودون وَكلهمْ جركسيون)

(حرف الشين الْمُعْجَمَة)

(حرف الصَّاد الْمُهْملَة)

(من اسْمه صَالح)

(من اسْمه صَدَقَة)

 الْجُزْء 

(الْجُزْء الرَّابِع)

(بِسم الله الرَّحْمَن الرَّحِيم)

(حرف الضَّاد الْمُعْجَمَة)

(حرف الطَّاء الْمُهْملَة)

(حرف الظَّاء الْمُعْجَمَة)

(حرف الْعين الْمُهْملَة)

(بِسم الله الرَّحْمَن الرَّحِيم)

(من اسْمه عبد الله)

(من اسْمه عَليّ)

(حرف الْغَيْن الْمُعْجَمَة)

(حرف الْفَاء)

(حرف الْقَاف)

(حرف الْكَاف)

(حرف اللَّام)

(حرف الْمِيم)

(ذكر من اسْمه مُحَمَّد)

 الْجُزْء 

(بِسم الله الرَّحْمَن الرَّحِيم)

(بِسم الله الرَّحْمَن الرَّحِيم)

(ذكر من اسْمه مَحْمُود)

(حرف النُّون)

(حرف الْهَاء)

(حرف الْوَاو)

(حرف اللَّام ألف)

(حرف الْيَاء الْأَخِيرَة)

(من اسْمه يحيى)

كتاب الكنى

(حرف الْألف)

(حرف الْبَاء الْمُوَحدَة)

(حرف التَّاء الْمُثَنَّاة)

(حرف الْجِيم)

(حرف الْحَاء الْمُهْملَة)

(حرف الْخَاء الْمُعْجَمَة)

(حرف الدَّال الْمُهْملَة)

(حرف الذَّال الْمُعْجَمَة)

(حرف الرَّاء الْمُهْملَة)

(حرف الزَّاي)

(حرف السِّين الْمُهْملَة)

(حرف الشين الْمُعْجَمَة)

(حرف الصَّاد الْمُهْملَة)

(حرف الطَّاء الْمُهْملَة)

(حرف الْعين الْمُهْملَة)

(حرف الْغَيْن الْمُعْجَمَة)

(حرف الْفَاء)

(حرف الْقَاف)

(حرف الْكَاف)

(حرف اللَّام)

(حرف الْمِيم)

(حرف النُّون)

(حرف الْهَاء)

(حرف الْوَاو)

(حرف اللَّام وَألف)

(حرف الْيَاء)

كتاب الألقاب

(حرف الْبَاء الْمُوَحدَة)

(حرف التَّاء الْمُثَنَّاة)

(حرف الْجِيم)

(حرف الْحَاء الْمُهْملَة)

(حرف الْخَاء الْمُعْجَمَة)

(حرف الرَّاء الْمُهْملَة)

(حرف الزَّاي) (زكي الدّين) بن صَالح مُحَمَّد بن مُحَمَّد بن عبد الرَّحْمَن بن صَالح والمناوي أَبُو بكر بن صَدَقَة 505 (زين الدّين) بن ابي الْفضل بن القَاضِي عبد الله بن عبد الرَّحْمَن بن صَالح الْمدنِي مِمَّن سمع مني بهَا وَابْن مُحَمَّد بن الْمُحب بن الْحُسَيْن الْمدنِي ابْن عَم عبد الْمُعْطِي 

(سَابق الدّين) (سديد الدّين) (السراج) بن الملقن عمر بن عَليّ بن أَحْمد بن مُحَمَّد والسراج البُلْقِينِيّ عمر بن رسْلَان بن نصير والعبادي عمر بن حُسَيْن بن حسن وقاري الْهِدَايَة عمر بن عَليّ بن فَارس والمناوي أحد نواب الْحَنَفِيَّة عمر بن عَليّ بن عمر والمناوي آخر تَاجر اسْمه 

(حرف الشين الْمُعْجَمَة)

(حرف الصَّاد الْمُهْملَة)

(حرف الضَّاد الْمُعْجَمَة)

(حرف الظَّاء الْمُعْجَمَة)

(حرف الْعين الْمُهْملَة)

(حرف الْغَيْن الْمُعْجَمَة)

(حرف الْفَاء)

(حرف الْقَاف)

(حرف الْكَاف)

(حرف اللَّام)

(حرف الْمِيم)

(حرف النُّون)

(حرف الْهَاء)

(حرف الْوَاو)

(فصل فِي ثَانِي قسمي الألقاب)

(الْهمزَة)

(الْبَاء الْمُوَحدَة)

(الْمُثَنَّاة)

(الْمُثَلَّثَة)

(الْجِيم)

(الْحَاء الْمُهْملَة)

(الْخَاء الْمُعْجَمَة)

(الدَّال الْمُهْملَة)

(الذَّال الْمُعْجَمَة)

(الرَّاء الْمُهْملَة)

(الزَّاي المنقوطة)

(حرف السِّين الْمُهْملَة)

(الشين الْمُعْجَمَة)

(حرف الصَّاد الْمُهْملَة)

(الضَّاد الْمُعْجَمَة)

(الطَّاء الْمُهْملَة)

(الظَّاء الْمُعْجَمَة)

(الْعين الْمُهْملَة)

(الْغَيْن الْمُعْجَمَة)

(الْفَاء)

(حرف الْقَاف)

(الْكَاف)

(حرف اللَّام)

(حرف الْمِيم)

(حرف النُّون)

(حرف الْهَاء)

(حرف الْوَاو)

(كتاب الْأَنْسَاب)

(حرف الْألف)

(حرف الْبَاء الْمُوَحدَة)

(حرف التَّاء الْمُثَنَّاة)

(حرف الْجِيم)

(حرف الْحَاء الْمُهْملَة)

(حرف الْخَاء الْمُعْجَمَة)

(حرف الدَّال الْمُهْملَة)

(حرف الذَّال الْمُعْجَمَة)

(حرف الرَّاء الْمُهْملَة)

(حرف الزَّاي المنقوطة)

(حرف السِّين الْمُهْملَة)

(حرف الشين الْمُعْجَمَة)

(حرف الصَّاد الْمُهْملَة)

(حرف الضَّاد الْمُعْجَمَة)

(حرف الطَّاء الْمُهْملَة)

(حرف الظَّاء الْمُعْجَمَة)

(حرف الْعين الْمُهْملَة)

(حرف الْغَيْن الْمُعْجَمَة)

(حرف الْفَاء)

(حرف الْقَاف)

(حرف الْكَاف)

(حرف اللَّام)

(حرف الْمِيم)

(حرف النُّون)

(حرف الْهَاء)

(حرف الْوَاو)

(حرف الْيَاء الْأَخِيرَة)

(الْقسم الثَّانِي)

(كتاب من عرف بِابْن فلَان)

(حرف الْبَاء الْمُوَحدَة)

(حرف التَّاء الْمُثَنَّاة)

(حرف الثَّاء الْمُثَلَّثَة)

(حرف الْجِيم)

(حرف الْحَاء الْمُهْملَة)

(حرف الْخَاء الْمُعْجَمَة)

(حرف الدَّال)

(حرف الذَّال الْمُعْجَمَة)

(حرف الرَّاء الْمُهْملَة)

(حرف الزَّاي المنقوطة)

(حرف السِّين الْمُهْملَة)

(حرف الشين الْمُعْجَمَة)

(حرف الصَّاد الْمُهْملَة)

(حرف الضَّاد الْمُعْجَمَة)

(حرف الطَّاء الْمُهْملَة)

(حرف الظَّاء الْمُعْجَمَة)

(حرف الْعين الْمُهْملَة)

(حرف الْغَيْن الْمُعْجَمَة)

(حرف الْفَاء)

(حرف الْقَاف)

(حرف الْكَاف)

(حرف اللَّام)

(حرف الْمِيم)

(حرف النُّون)

(حرف الْهَاء)

(حرف الْوَاو)

(حرف الْيَاء الْأَخِيرَة)

فصل

فصل

بِسم الله الرَّحْمَن الرَّحِيم

كتاب مُعْجم النِّسَاء

(حرف الْهمزَة)

(حرف الْبَاء الْمُوَحدَة)

(حرف التَّاء الْمُثَنَّاة)

(حرف الْجِيم)

(حرف الْحَاء الْمُهْملَة)

(حرف الْخَاء الْمُعْجَمَة)

(حرف الدَّال الْمُهْملَة)

(حرف الذَّال الْمُعْجَمَة)

(حرف الرَّاء الْمُهْملَة)

(حرف الزَّاي المنقوطة)

(حرف السِّين الْمُهْملَة)

(حرف الشين الْمُعْجَمَة)

حرف الصَّاد الْمُهْملَة

حرف الضَّاد الْمُعْجَمَة

حرف الطَّاء الْمُهْملَة

حرف الظَّاء الْمُعْجَمَة

حرف الْعين الْمُهْملَة

(حرف الْغَيْن الْمُعْجَمَة)

(حرف الْفَاء)

(حرف الْقَاف)

(حرف الْكَاف)

(حرف اللَّام)

(حرف الْمِيم)

(حرف النُّون)

(حرف الْهَاء)

(حرف الْوَاو)

(حرف الْيَاء الْأَخِيرَة)

(كتاب الكنى من النِّسَاء)

(حرف الْهمزَة)

(حرف الْبَاء الْمُوَحدَة)

(حرف التَّاء الْمُثَنَّاة)

(حرف الْجِيم)

(حرف الْحَاء الْمُهْملَة)

(حرف الْخَاء)

(حرف الدَّال)

(حرف الرَّاء الْمُهْملَة)

(حريف الزَّاي)

(حرف السِّين الْمُهْملَة)

(حرف الشين الْمُعْجَمَة)

(حرف الصَّاد الْمُهْملَة)

(حرف الْعين الْمُهْملَة)

(حرف الْغَيْن الْمُعْجَمَة)

(حرف الْفَاء)

(حرف الْقَاف)

(حرف الْكَاف)

(حرف الْمِيم)

(حرف النُّون)

(حرف الْهَاء)

(حرف الْوَاو)

(حرف الْيَاء الْأَخِيرَة)

المبهمات

### | مقدمة الكتاب 

### | حرف الألف 

### | ذكر الأحمدين 

### | بسم الله الرحمن الرحيم

### || ذكر من اسمه إدريس إلى انتهاء حرف الألف 

### | حرف الباء الموحدة 

### === من اسمه بدر 

### === من اسمه بردبك 

### || من اسمه برسباي 

### || من اسمه بركات 

### | حرف التاء المثناة 

### || من اسمه تغري بردى 

### | حرف الثاء المثلثة 

### | حرف الجيم 

### | حرف الحاء المهملة 

### || من اسمه حسن 

### || من اسمه حسين 

### || من اسمه حمزة 

### | حرف الخاء المعجمة 

### || من اسمه خالد 

### | حرف الدال المهملة 

### | حرف الذال المعجمة 

### | حرف الراء المهملة 

### | حرف الزاي المنقوطة 

### | حرف السين المهملة 

### || ذكر من اسمه سودون وكلهم جركسيون 

### | حرف الشين المعجمة 

### | حرف الصاد المهملة 

### || من اسمه صالح 

### || من اسمه صدقة 

### | حرف الضاد المعجمة 

### | حرف الطاء المهملة 

### | حرف الظاء المعجمة 

### | حرف العين المهملة 

### || من اسمه عبد الله 

### === من اسمه علي 

### | حرف الغين المعجمة 

### | حرف الفاء ms2186 

### | حرف القاف 

### | حرف الكاف 

### | حرف اللام 

### | حرف الميم 

### || ذكر من اسمه محمد 

### || ذكر من اسمه محمود 

### | حرف النون 

### | حرف الهاء 

### | حرف الواو 

### | حرف اللام ألف 

### | حرف الياء الأخيرة 

### || من اسمه يحيى 

### | كتاب الكنى 

### || حرف الألف 

### || حرف الباء الموحدة 

### || حرف التاء المثناة 

### || حرف الجيم 

### || حرف الحاء المهملة 

### || حرف الخاء المعجمة 

### || حرف الدال المهملة 

### || حرف الذال المعجمة 

### || حرف الراء المهملة 

### || حرف الزاي 

### || حرف السين المهملة 

### || حرف الشين المعجمة 

### || حرف الصاد المهملة 

### || حرف الطاء المهملة 

### || حرف العين المهملة 

### || حرف الغين المعجمة 

### || حرف الفاء 

### || حرف القاف 

### || حرف الكاف 

### || حرف اللام 

### || حرف الميم 

### || حرف النون 

### || حرف الهاء 

### || حرف الواو 

### || حرف اللام وألف 

### || حرف الياء 

### | كتاب الألقاب 

### || حرف الباء الموحدة 

### || حرف التاء المثناة 

### || حرف الجيم 

### || حرف الحاء المهملة 

### || حرف الخاء المعجمة 

### || حرف الراء المهملة 

### || حرف الزاي 

### || حرف السين المهملة 

### || حرف الشين المعجمة 

### || حرف الصاد المهملة 

### || حرف الضاد المعجمة 

### || حرف الظاء المعجمة 

### || حرف العين المهملة 

### || حرف الغين المعجمة 

### || حرف الفاء 

### || حرف القاف 

### || حرف الكاف 

### || حرف اللام 

### || حرف الميم 

### || حرف النون 

### || حرف الهاء 

### || حرف الواو 

### || فصل في ثاني قسمي الألقاب 

### ||| الهمزة 

### ||| الباء الموحدة 

### ||| المثناة 

### ||| المثلثة 

### ||| الجيم 

### ||| الحاء المهملة 

### ||| الخاء المعجمة 

### ||| الدال المهملة 

### ||| الذال المعجمة 

### ||| الراء المهملة 

### ||| الزاي المنقوطة 

### ||| حرف السين المهملة 

### ||| الشين المعجمة 

### ||| حرف الصاد المهملة 

### ||| الضاد المعجمة 

### ||| الطاء المهملة 

### ||| الظاء المعجمة 

### ||| العين المهملة 

### ||| الغين المعجمة 

### ||| الفاء 

### ||| حرف القاف 

### ||| الكاف 

### ||| حرف اللام 

### ||| حرف الميم 

### ||| حرف النون 

### ||| حرف الهاء 

### ||| حرف الواو 

### | كتاب الأنساب 

### || حرف الألف ms4080 

### || حرف الباء الموحدة 

### || حرف التاء المثناة 

### || حرف الجيم 

### || حرف الحاء المهملة 

### || حرف الخاء المعجمة 

### || حرف الدال المهملة 

### || حرف الذال المعجمة 

### || حرف الراء المهملة 

### || حرف الزاي المنقوطة 

### || حرف السين المهملة 

### || حرف الشين المعجمة 

### || حرف الصاد المهملة 

### || حرف الضاد المعجمة 

### || حرف الطاء المهملة 

### || حرف الظاء المعجمة 

### || حرف العين المهملة 

### || حرف الغين المعجمة 

### || حرف الفاء 

### || حرف القاف 

### || حرف الكاف 

### || حرف اللام 

### || حرف الميم 

### || حرف النون 

### || حرف الهاء 

### || حرف الواو 

### || حرف الياء الأخيرة 

### || القسم الثاني 

### ||| كتاب من عرف بابن فلان 

### |||| حرف الباء الموحدة 

### |||| حرف التاء المثناة 

### |||| حرف الثاء المثلثة 

### |||| حرف الجيم 

### |||| حرف الحاء المهملة 

### |||| حرف الخاء المعجمة 

### |||| حرف الدال 

### |||| حرف الذال المعجمة 

### |||| حرف الراء المهملة 

### |||| حرف الزاي المنقوطة 

### |||| حرف السين المهملة 

### |||| حرف الشين المعجمة 

### ||| حرف الصاد المهملة 

### |||| حرف الضاد المعجمة 

### |||| حرف الطاء المهملة 

### |||| حرف الظاء المعجمة 

### |||| حرف العين المهملة 

### |||| حرف الغين المعجمة 

### |||| حرف الفاء 

### |||| حرف القاف 

### |||| حرف الكاف 

### |||| حرف اللام 

### |||| حرف الميم 

### |||| حرف النون 

### |||| حرف الهاء 

### |||| حرف الواو 

### |||| حرف الياء الأخيرة 

### |||| فصل 

### |||| فصل 

### |||| فصل 

### |||| فصل 

### = بسم الله الرحمن الرحيم

### | كتاب معجم النساء

### || حرف الهمزة 

### || حرف الباء الموحدة

### || حرف التاء المثناة 

### || حرف الجيم 

### || حرف الحاء المهملة 

### || حرف الخاء المعجمة 

### || حرف الدال المهملة 

### || حرف الذال المعجمة 

### || حرف الراء المهملة 

### || حرف الزاي المنقوطة 

### || حرف السين المهملة 

### || حرف الشين المعجمة 

### || حرف الصاد المهملة

### || حرف الضاد المعجمة

### || حرف الطاء المهملة

### || حرف الظاء المعجمة

### || حرف العين المهملة 

### || حرف الغين المعجمة 

### || حرف الفاء 

### || حرف القاف 

### || حرف الكاف 

### || حرف اللام 

### || حرف الميم 

### || حرف النون  

### || حرف الهاء 

### || حرف الواو 

### || حرف الياء الأخيرة 

### | كتاب الكنى من النساء 

### || حرف الهمزة 

### || حرف الباء الموحدة 

### || حرف الجيم 

### || حرف الحاء المهملة 

### || حرف الخاء 

### || حرف الدال 

### || حرف الراء المهملة 

### || حريف الزاي 

### || حرف السين المهملة 

### || حرف الشين المعجمة 

### || حرف الصاد المهملة 

### || حرف العين المهملة 

### || حرف الغين المعجمة 

### || حرف الفاء 

### || حرف القاف 

### || حرف الكاف 

### || حرف الميم  

### || حرف النون 

### || حرف الهاء  

### || ( حرف الواو )  

### || ( حرف الياء الأخيرة )  

### || ( المبهمات ) 

### | [final section]

